==============================================================
Vitis HLS - High-Level Synthesis from C, C++ and OpenCL v2022.1 (64-bit)
Tool Version Limit: 2022.04
Copyright 1986-2022 Xilinx, Inc. All Rights Reserved.
==============================================================
INFO: [HLS 200-1505] Using flow_target 'vitis'
INFO: [HLS 200-435] Setting 'open_solution -flow_target vitis' configuration: config_interface -m_axi_latency=64
INFO: [HLS 200-435] Setting 'open_solution -flow_target vitis' configuration: config_interface -m_axi_alignment_byte_size=64
INFO: [HLS 200-435] Setting 'open_solution -flow_target vitis' configuration: config_interface -m_axi_max_widen_bitwidth=512
INFO: [HLS 200-435] Setting 'open_solution -flow_target vitis' configuration: config_rtl -register_reset_num=3
INFO: [HLS 200-1510] Running: set_part xcu50-fsvh2104-2-e 
INFO: [HLS 200-1611] Setting target device to 'xcu50-fsvh2104-2-e'
INFO: [HLS 200-1510] Running: create_clock -period 300.000000MHz -name default 
INFO: [SYN 201-201] Setting up clock 'default' with a period of 3.333ns.
INFO: [HLS 200-1510] Running: config_dataflow -strict_mode warning 
INFO: [HLS 200-1510] Running: config_export -deadlock_detection sim 
WARNING: [HLS 200-483] The 'config_export -deadlock_detection' command is deprecated and will be removed in a future release. Use 'config_rtl -deadlock_detection' as its replacement.
INFO: [HLS 200-1907] Replacing 'config_export -deadlock_detection=sim' with 'config_rtl -deadlock_detection=sim' in current solution file
INFO: [HLS 200-1510] Running: config_interface -m_axi_conservative_mode=1 
INFO: [HLS 200-1510] Running: config_interface -m_axi_addr64 
INFO: [HLS 200-1510] Running: config_interface -m_axi_auto_max_ports=0 
INFO: [HLS 200-1510] Running: config_export -format xo -ipname pass 
INFO: [HLS 200-1907] Replacing 'config_export -deadlock_detection=sim' with 'config_rtl -deadlock_detection=sim' in current solution file
INFO: [HLS 200-1510] Running: csynth_design 
INFO: [HLS 200-111] Finished File checks and directory preparation: CPU user time: 0.02 seconds. CPU system time: 0 seconds. Elapsed time: 0 seconds; current allocated memory: 1.458 GB.
INFO: [HLS 200-10] Analyzing design file '/mnt/HLSNAS/02.IZunsR/course-lab_A/Vitis-Tutorials/Hardware_Acceleration/Design_Tutorials/07-host-code-opt/reference-files/src/pass.cpp' ... 
WARNING: [HLS 214-114] Since the only kind of statements allowed in a canonical dataflow region are variable declarations and function calls, the compiler may not be able to correctly handle the region (/mnt/HLSNAS/02.IZunsR/course-lab_A/Vitis-Tutorials/Hardware_Acceleration/Design_Tutorials/07-host-code-opt/reference-files/src/pass.cpp:46:9)
WARNING: [HLS 200-471] Dataflow form checks found 1 issue(s) in file /mnt/HLSNAS/02.IZunsR/course-lab_A/Vitis-Tutorials/Hardware_Acceleration/Design_Tutorials/07-host-code-opt/reference-files/src/pass.cpp
INFO: [HLS 200-111] Finished Source Code Analysis and Preprocessing: CPU user time: 2.58 seconds. CPU system time: 0.23 seconds. Elapsed time: 2.35 seconds; current allocated memory: 468.914 MB.
INFO: [HLS 200-777] Using interface defaults for 'Vitis' flow target.
INFO: [HLS 214-241] Aggregating maxi variable 'output' with compact=none mode in 512-bits (/mnt/HLSNAS/02.IZunsR/course-lab_A/Vitis-Tutorials/Hardware_Acceleration/Design_Tutorials/07-host-code-opt/reference-files/src/pass.cpp:64:0)
INFO: [HLS 214-241] Aggregating maxi variable 'input' with compact=none mode in 512-bits (/mnt/HLSNAS/02.IZunsR/course-lab_A/Vitis-Tutorials/Hardware_Acceleration/Design_Tutorials/07-host-code-opt/reference-files/src/pass.cpp:64:0)
INFO: [HLS 214-115] Multiple burst reads of variable length and bit width 512 in loop 'VITIS_LOOP_13_1'(/mnt/HLSNAS/02.IZunsR/course-lab_A/Vitis-Tutorials/Hardware_Acceleration/Design_Tutorials/07-host-code-opt/reference-files/src/pass.cpp:13:20) has been inferred on bundle 'p0'. These burst requests might be further partitioned into multiple requests during RTL generation, based on max_read_burst_length or max_write_burst_length settings. (/mnt/HLSNAS/02.IZunsR/course-lab_A/Vitis-Tutorials/Hardware_Acceleration/Design_Tutorials/07-host-code-opt/reference-files/src/pass.cpp:13:20)
INFO: [HLS 214-115] Multiple burst writes of variable length and bit width 512 in loop 'VITIS_LOOP_35_1'(/mnt/HLSNAS/02.IZunsR/course-lab_A/Vitis-Tutorials/Hardware_Acceleration/Design_Tutorials/07-host-code-opt/reference-files/src/pass.cpp:35:20) has been inferred on bundle 'p1'. These burst requests might be further partitioned into multiple requests during RTL generation, based on max_read_burst_length or max_write_burst_length settings. (/mnt/HLSNAS/02.IZunsR/course-lab_A/Vitis-Tutorials/Hardware_Acceleration/Design_Tutorials/07-host-code-opt/reference-files/src/pass.cpp:35:20)
INFO: [HLS 214-131] Inlining function '_llvm.fpga.pack.none.i512.s_struct.ap_int<512>s' into 'read(ap_int<512> const*, hls::stream<ap_int<512>, 0>&, unsigned int) (.1)' (/opt/Xilinx/Vitis_HLS/2022.1/common/technology/autopilot/hls_stream_39.h:174:9)
INFO: [HLS 214-131] Inlining function '_llvm.fpga.pack.none.i512.s_struct.ap_int<512>s' into 'exec(hls::stream<ap_int<512>, 0>&, hls::stream<ap_int<512>, 0>&, unsigned int, unsigned int) (.1)' (/opt/Xilinx/Vitis_HLS/2022.1/common/technology/autopilot/hls_stream_39.h:174:9)
INFO: [HLS 200-111] Finished Compiling Optimization and Transform: CPU user time: 1.9 seconds. CPU system time: 0.29 seconds. Elapsed time: 3 seconds; current allocated memory: 469.980 MB.
INFO: [HLS 200-111] Finished Checking Pragmas: CPU user time: 0 seconds. CPU system time: 0 seconds. Elapsed time: 0 seconds; current allocated memory: 469.980 MB.
INFO: [HLS 200-10] Starting code transformations ...
INFO: [HLS 200-111] Finished Standard Transforms: CPU user time: 0.01 seconds. CPU system time: 0 seconds. Elapsed time: 0.04 seconds; current allocated memory: 472.488 MB.
INFO: [HLS 200-10] Checking synthesizability ...
INFO: [HLS 200-111] Finished Checking Synthesizability: CPU user time: 0.03 seconds. CPU system time: 0 seconds. Elapsed time: 0.03 seconds; current allocated memory: 477.223 MB.
INFO: [XFORM 203-510] Pipelining loop 'VITIS_LOOP_23_1' (/mnt/HLSNAS/02.IZunsR/course-lab_A/Vitis-Tutorials/Hardware_Acceleration/Design_Tutorials/07-host-code-opt/reference-files/src/pass.cpp:23) in function 'exec' automatically.
WARNING: [HLS 200-805] An internal stream 'inStream' (/mnt/HLSNAS/02.IZunsR/course-lab_A/Vitis-Tutorials/Hardware_Acceleration/Design_Tutorials/07-host-code-opt/reference-files/src/pass.cpp:51) with default size can result in deadlock. Please consider resizing the stream using the directive 'set_directive_stream' or the 'HLS stream' pragma.
WARNING: [HLS 200-805] An internal stream 'outStream' (/mnt/HLSNAS/02.IZunsR/course-lab_A/Vitis-Tutorials/Hardware_Acceleration/Design_Tutorials/07-host-code-opt/reference-files/src/pass.cpp:52) with default size can result in deadlock. Please consider resizing the stream using the directive 'set_directive_stream' or the 'HLS stream' pragma.
INFO: [XFORM 203-712] Applying dataflow to function 'pass_dataflow' (/mnt/HLSNAS/02.IZunsR/course-lab_A/Vitis-Tutorials/Hardware_Acceleration/Design_Tutorials/07-host-code-opt/reference-files/src/pass.cpp:46:1), detected/extracted 4 process function(s): 
	 'entry_proc'
	 'read'
	 'exec'
	 'write'.
INFO: [HLS 200-111] Finished Loop, function and other optimizations: CPU user time: 0.06 seconds. CPU system time: 0.01 seconds. Elapsed time: 0.09 seconds; current allocated memory: 503.066 MB.
INFO: [HLS 200-111] Finished Architecture Synthesis: CPU user time: 0.04 seconds. CPU system time: 0 seconds. Elapsed time: 0.15 seconds; current allocated memory: 573.176 MB.
INFO: [HLS 200-10] Starting hardware synthesis ...
INFO: [HLS 200-10] Synthesizing 'pass' ...
WARNING: [SYN 201-103] Legalizing function name 'read' to 'read_r'.
WARNING: [SYN 201-103] Legalizing function name 'write' to 'write_r'.
INFO: [HLS 200-10] ----------------------------------------------------------------
INFO: [HLS 200-42] -- Implementing module 'entry_proc' 
INFO: [HLS 200-10] ----------------------------------------------------------------
INFO: [SCHED 204-11] Starting scheduling ...
INFO: [SCHED 204-11] Finished scheduling.
INFO: [HLS 200-111] Finished Scheduling: CPU user time: 0.04 seconds. CPU system time: 0.01 seconds. Elapsed time: 0.12 seconds; current allocated memory: 573.508 MB.
INFO: [BIND 205-100] Starting micro-architecture generation ...
INFO: [BIND 205-101] Performing variable lifetime analysis.
INFO: [BIND 205-101] Exploring resource sharing.
INFO: [BIND 205-101] Binding ...
INFO: [BIND 205-100] Finished micro-architecture generation.
INFO: [HLS 200-111] Finished Binding: CPU user time: 0.01 seconds. CPU system time: 0 seconds. Elapsed time: 0.02 seconds; current allocated memory: 573.625 MB.
INFO: [HLS 200-10] ----------------------------------------------------------------
INFO: [HLS 200-42] -- Implementing module 'read_Pipeline_VITIS_LOOP_13_1' 
INFO: [HLS 200-10] ----------------------------------------------------------------
INFO: [SCHED 204-11] Starting scheduling ...
INFO: [SCHED 204-61] Pipelining loop 'VITIS_LOOP_13_1'.
INFO: [HLS 200-1470] Pipelining result : Target II = NA, Final II = 1, Depth = 3, loop 'VITIS_LOOP_13_1'
INFO: [SCHED 204-11] Finished scheduling.
INFO: [HLS 200-111] Finished Scheduling: CPU user time: 0.01 seconds. CPU system time: 0 seconds. Elapsed time: 0.03 seconds; current allocated memory: 574.633 MB.
INFO: [BIND 205-100] Starting micro-architecture generation ...
INFO: [BIND 205-101] Performing variable lifetime analysis.
INFO: [BIND 205-101] Exploring resource sharing.
INFO: [BIND 205-101] Binding ...
INFO: [BIND 205-100] Finished micro-architecture generation.
INFO: [HLS 200-111] Finished Binding: CPU user time: 0.01 seconds. CPU system time: 0 seconds. Elapsed time: 0.06 seconds; current allocated memory: 574.633 MB.
INFO: [HLS 200-10] ----------------------------------------------------------------
INFO: [HLS 200-42] -- Implementing module 'read_r' 
INFO: [HLS 200-10] ----------------------------------------------------------------
INFO: [SCHED 204-11] Starting scheduling ...
INFO: [SCHED 204-11] Finished scheduling.
INFO: [HLS 200-111] Finished Scheduling: CPU user time: 0.07 seconds. CPU system time: 0 seconds. Elapsed time: 0.09 seconds; current allocated memory: 574.793 MB.
INFO: [BIND 205-100] Starting micro-architecture generation ...
INFO: [BIND 205-101] Performing variable lifetime analysis.
INFO: [BIND 205-101] Exploring resource sharing.
INFO: [BIND 205-101] Binding ...
INFO: [BIND 205-100] Finished micro-architecture generation.
INFO: [HLS 200-111] Finished Binding: CPU user time: 0.16 seconds. CPU system time: 0 seconds. Elapsed time: 0.18 seconds; current allocated memory: 574.793 MB.
INFO: [HLS 200-10] ----------------------------------------------------------------
INFO: [HLS 200-42] -- Implementing module 'exec_Pipeline_VITIS_LOOP_23_1' 
INFO: [HLS 200-10] ----------------------------------------------------------------
INFO: [SCHED 204-11] Starting scheduling ...
INFO: [SCHED 204-61] Pipelining loop 'VITIS_LOOP_23_1'.
INFO: [HLS 200-1470] Pipelining result : Target II = NA, Final II = 1, Depth = 4, loop 'VITIS_LOOP_23_1'
INFO: [SCHED 204-11] Finished scheduling.
INFO: [HLS 200-111] Finished Scheduling: CPU user time: 0.04 seconds. CPU system time: 0 seconds. Elapsed time: 0.08 seconds; current allocated memory: 575.426 MB.
INFO: [BIND 205-100] Starting micro-architecture generation ...
INFO: [BIND 205-101] Performing variable lifetime analysis.
INFO: [BIND 205-101] Exploring resource sharing.
INFO: [BIND 205-101] Binding ...
INFO: [BIND 205-100] Finished micro-architecture generation.
INFO: [HLS 200-111] Finished Binding: CPU user time: 0.02 seconds. CPU system time: 0 seconds. Elapsed time: 0.05 seconds; current allocated memory: 575.426 MB.
INFO: [HLS 200-10] ----------------------------------------------------------------
INFO: [HLS 200-42] -- Implementing module 'exec' 
INFO: [HLS 200-10] ----------------------------------------------------------------
INFO: [SCHED 204-11] Starting scheduling ...
INFO: [SCHED 204-11] Finished scheduling.
INFO: [HLS 200-111] Finished Scheduling: CPU user time: 0.02 seconds. CPU system time: 0 seconds. Elapsed time: 0.07 seconds; current allocated memory: 575.574 MB.
INFO: [BIND 205-100] Starting micro-architecture generation ...
INFO: [BIND 205-101] Performing variable lifetime analysis.
INFO: [BIND 205-101] Exploring resource sharing.
INFO: [BIND 205-101] Binding ...
INFO: [BIND 205-100] Finished micro-architecture generation.
INFO: [HLS 200-111] Finished Binding: CPU user time: 0.02 seconds. CPU system time: 0.01 seconds. Elapsed time: 0.06 seconds; current allocated memory: 575.574 MB.
INFO: [HLS 200-10] ----------------------------------------------------------------
INFO: [HLS 200-42] -- Implementing module 'write_Pipeline_VITIS_LOOP_35_1' 
INFO: [HLS 200-10] ----------------------------------------------------------------
INFO: [SCHED 204-11] Starting scheduling ...
INFO: [SCHED 204-61] Pipelining loop 'VITIS_LOOP_35_1'.
INFO: [HLS 200-1470] Pipelining result : Target II = NA, Final II = 1, Depth = 3, loop 'VITIS_LOOP_35_1'
INFO: [SCHED 204-11] Finished scheduling.
INFO: [HLS 200-111] Finished Scheduling: CPU user time: 0.03 seconds. CPU system time: 0 seconds. Elapsed time: 0.09 seconds; current allocated memory: 575.902 MB.
INFO: [BIND 205-100] Starting micro-architecture generation ...
INFO: [BIND 205-101] Performing variable lifetime analysis.
INFO: [BIND 205-101] Exploring resource sharing.
INFO: [BIND 205-101] Binding ...
INFO: [BIND 205-100] Finished micro-architecture generation.
INFO: [HLS 200-111] Finished Binding: CPU user time: 0.01 seconds. CPU system time: 0 seconds. Elapsed time: 0.04 seconds; current allocated memory: 575.902 MB.
INFO: [HLS 200-10] ----------------------------------------------------------------
INFO: [HLS 200-42] -- Implementing module 'write_r' 
INFO: [HLS 200-10] ----------------------------------------------------------------
INFO: [SCHED 204-11] Starting scheduling ...
INFO: [SCHED 204-11] Finished scheduling.
INFO: [HLS 200-111] Finished Scheduling: CPU user time: 0.08 seconds. CPU system time: 0 seconds. Elapsed time: 0.12 seconds; current allocated memory: 576.090 MB.
INFO: [BIND 205-100] Starting micro-architecture generation ...
INFO: [BIND 205-101] Performing variable lifetime analysis.
INFO: [BIND 205-101] Exploring resource sharing.
INFO: [BIND 205-101] Binding ...
INFO: [BIND 205-100] Finished micro-architecture generation.
INFO: [HLS 200-111] Finished Binding: CPU user time: 0.16 seconds. CPU system time: 0 seconds. Elapsed time: 0.18 seconds; current allocated memory: 576.090 MB.
INFO: [HLS 200-10] ----------------------------------------------------------------
INFO: [HLS 200-42] -- Implementing module 'pass_dataflow' 
INFO: [HLS 200-10] ----------------------------------------------------------------
INFO: [SCHED 204-11] Starting scheduling ...
INFO: [SCHED 204-11] Finished scheduling.
INFO: [HLS 200-111] Finished Scheduling: CPU user time: 0.04 seconds. CPU system time: 0 seconds. Elapsed time: 0.07 seconds; current allocated memory: 576.090 MB.
INFO: [BIND 205-100] Starting micro-architecture generation ...
INFO: [BIND 205-101] Performing variable lifetime analysis.
INFO: [BIND 205-101] Exploring resource sharing.
INFO: [BIND 205-101] Binding ...
INFO: [BIND 205-100] Finished micro-architecture generation.
INFO: [HLS 200-111] Finished Binding: CPU user time: 0.03 seconds. CPU system time: 0 seconds. Elapsed time: 0.04 seconds; current allocated memory: 576.090 MB.
INFO: [HLS 200-10] ----------------------------------------------------------------
INFO: [HLS 200-42] -- Implementing module 'pass' 
INFO: [HLS 200-10] ----------------------------------------------------------------
INFO: [SCHED 204-11] Starting scheduling ...
INFO: [SCHED 204-11] Finished scheduling.
INFO: [HLS 200-111] Finished Scheduling: CPU user time: 0.04 seconds. CPU system time: 0 seconds. Elapsed time: 0.36 seconds; current allocated memory: 576.145 MB.
INFO: [BIND 205-100] Starting micro-architecture generation ...
INFO: [BIND 205-101] Performing variable lifetime analysis.
INFO: [BIND 205-101] Exploring resource sharing.
INFO: [BIND 205-101] Binding ...
INFO: [BIND 205-100] Finished micro-architecture generation.
INFO: [HLS 200-111] Finished Binding: CPU user time: 0.02 seconds. CPU system time: 0.01 seconds. Elapsed time: 0.04 seconds; current allocated memory: 576.285 MB.
INFO: [HLS 200-10] ----------------------------------------------------------------
INFO: [HLS 200-10] -- Generating RTL for module 'entry_proc' 
INFO: [HLS 200-10] ----------------------------------------------------------------
INFO: [RTGEN 206-100] Finished creating RTL model for 'entry_proc'.
INFO: [HLS 200-111] Finished Creating RTL model: CPU user time: 0.03 seconds. CPU system time: 0 seconds. Elapsed time: 0.05 seconds; current allocated memory: 576.449 MB.
INFO: [HLS 200-10] ----------------------------------------------------------------
INFO: [HLS 200-10] -- Generating RTL for module 'read_Pipeline_VITIS_LOOP_13_1' 
INFO: [HLS 200-10] ----------------------------------------------------------------
INFO: [HLS 200-1030] Apply Unified Pipeline Control on module 'read_Pipeline_VITIS_LOOP_13_1' pipeline 'VITIS_LOOP_13_1' pipeline type 'loop pipeline'
WARNING: [RTGEN 206-101] Setting dangling out port 'read_Pipeline_VITIS_LOOP_13_1/m_axi_p0_ARVALID' to 0.
WARNING: [RTGEN 206-101] Setting dangling out port 'read_Pipeline_VITIS_LOOP_13_1/m_axi_p0_ARADDR' to 0.
WARNING: [RTGEN 206-101] Setting dangling out port 'read_Pipeline_VITIS_LOOP_13_1/m_axi_p0_ARID' to 0.
WARNING: [RTGEN 206-101] Setting dangling out port 'read_Pipeline_VITIS_LOOP_13_1/m_axi_p0_ARLEN' to 0.
WARNING: [RTGEN 206-101] Setting dangling out port 'read_Pipeline_VITIS_LOOP_13_1/m_axi_p0_ARSIZE' to 0.
WARNING: [RTGEN 206-101] Setting dangling out port 'read_Pipeline_VITIS_LOOP_13_1/m_axi_p0_ARBURST' to 0.
WARNING: [RTGEN 206-101] Setting dangling out port 'read_Pipeline_VITIS_LOOP_13_1/m_axi_p0_ARLOCK' to 0.
WARNING: [RTGEN 206-101] Setting dangling out port 'read_Pipeline_VITIS_LOOP_13_1/m_axi_p0_ARCACHE' to 0.
WARNING: [RTGEN 206-101] Setting dangling out port 'read_Pipeline_VITIS_LOOP_13_1/m_axi_p0_ARPROT' to 0.
WARNING: [RTGEN 206-101] Setting dangling out port 'read_Pipeline_VITIS_LOOP_13_1/m_axi_p0_ARQOS' to 0.
WARNING: [RTGEN 206-101] Setting dangling out port 'read_Pipeline_VITIS_LOOP_13_1/m_axi_p0_ARREGION' to 0.
WARNING: [RTGEN 206-101] Setting dangling out port 'read_Pipeline_VITIS_LOOP_13_1/m_axi_p0_ARUSER' to 0.
INFO: [RTGEN 206-100] Finished creating RTL model for 'read_Pipeline_VITIS_LOOP_13_1'.
INFO: [HLS 200-111] Finished Creating RTL model: CPU user time: 0.01 seconds. CPU system time: 0.01 seconds. Elapsed time: 0.09 seconds; current allocated memory: 577.188 MB.
INFO: [HLS 200-10] ----------------------------------------------------------------
INFO: [HLS 200-10] -- Generating RTL for module 'read_r' 
INFO: [HLS 200-10] ----------------------------------------------------------------
INFO: [RTGEN 206-100] Finished creating RTL model for 'read_r'.
INFO: [HLS 200-111] Finished Creating RTL model: CPU user time: 0.06 seconds. CPU system time: 0 seconds. Elapsed time: 0.12 seconds; current allocated memory: 578.805 MB.
INFO: [HLS 200-10] ----------------------------------------------------------------
INFO: [HLS 200-10] -- Generating RTL for module 'exec_Pipeline_VITIS_LOOP_23_1' 
INFO: [HLS 200-10] ----------------------------------------------------------------
INFO: [HLS 200-1030] Apply Unified Pipeline Control on module 'exec_Pipeline_VITIS_LOOP_23_1' pipeline 'VITIS_LOOP_23_1' pipeline type 'loop pipeline'
INFO: [RTGEN 206-100] Generating core module 'add_512ns_512ns_512_2_1': 1 instance(s).
INFO: [RTGEN 206-100] Finished creating RTL model for 'exec_Pipeline_VITIS_LOOP_23_1'.
INFO: [HLS 200-111] Finished Creating RTL model: CPU user time: 0.05 seconds. CPU system time: 0 seconds. Elapsed time: 0.1 seconds; current allocated memory: 579.777 MB.
INFO: [HLS 200-10] ----------------------------------------------------------------
INFO: [HLS 200-10] -- Generating RTL for module 'exec' 
INFO: [HLS 200-10] ----------------------------------------------------------------
INFO: [RTGEN 206-100] Finished creating RTL model for 'exec'.
INFO: [HLS 200-111] Finished Creating RTL model: CPU user time: 0.04 seconds. CPU system time: 0 seconds. Elapsed time: 0.07 seconds; current allocated memory: 580.531 MB.
INFO: [HLS 200-10] ----------------------------------------------------------------
INFO: [HLS 200-10] -- Generating RTL for module 'write_Pipeline_VITIS_LOOP_35_1' 
INFO: [HLS 200-10] ----------------------------------------------------------------
INFO: [HLS 200-1030] Apply Unified Pipeline Control on module 'write_Pipeline_VITIS_LOOP_35_1' pipeline 'VITIS_LOOP_35_1' pipeline type 'loop pipeline'
WARNING: [RTGEN 206-101] Setting dangling out port 'write_Pipeline_VITIS_LOOP_35_1/m_axi_p1_AWVALID' to 0.
WARNING: [RTGEN 206-101] Setting dangling out port 'write_Pipeline_VITIS_LOOP_35_1/m_axi_p1_AWADDR' to 0.
WARNING: [RTGEN 206-101] Setting dangling out port 'write_Pipeline_VITIS_LOOP_35_1/m_axi_p1_AWID' to 0.
WARNING: [RTGEN 206-101] Setting dangling out port 'write_Pipeline_VITIS_LOOP_35_1/m_axi_p1_AWLEN' to 0.
WARNING: [RTGEN 206-101] Setting dangling out port 'write_Pipeline_VITIS_LOOP_35_1/m_axi_p1_AWSIZE' to 0.
WARNING: [RTGEN 206-101] Setting dangling out port 'write_Pipeline_VITIS_LOOP_35_1/m_axi_p1_AWBURST' to 0.
WARNING: [RTGEN 206-101] Setting dangling out port 'write_Pipeline_VITIS_LOOP_35_1/m_axi_p1_AWLOCK' to 0.
WARNING: [RTGEN 206-101] Setting dangling out port 'write_Pipeline_VITIS_LOOP_35_1/m_axi_p1_AWCACHE' to 0.
WARNING: [RTGEN 206-101] Setting dangling out port 'write_Pipeline_VITIS_LOOP_35_1/m_axi_p1_AWPROT' to 0.
WARNING: [RTGEN 206-101] Setting dangling out port 'write_Pipeline_VITIS_LOOP_35_1/m_axi_p1_AWQOS' to 0.
WARNING: [RTGEN 206-101] Setting dangling out port 'write_Pipeline_VITIS_LOOP_35_1/m_axi_p1_AWREGION' to 0.
WARNING: [RTGEN 206-101] Setting dangling out port 'write_Pipeline_VITIS_LOOP_35_1/m_axi_p1_AWUSER' to 0.
WARNING: [RTGEN 206-101] Setting dangling out port 'write_Pipeline_VITIS_LOOP_35_1/m_axi_p1_BREADY' to 0.
INFO: [RTGEN 206-100] Finished creating RTL model for 'write_Pipeline_VITIS_LOOP_35_1'.
INFO: [HLS 200-111] Finished Creating RTL model: CPU user time: 0.06 seconds. CPU system time: 0 seconds. Elapsed time: 0.45 seconds; current allocated memory: 581.312 MB.
INFO: [HLS 200-10] ----------------------------------------------------------------
INFO: [HLS 200-10] -- Generating RTL for module 'write_r' 
INFO: [HLS 200-10] ----------------------------------------------------------------
INFO: [RTGEN 206-100] Finished creating RTL model for 'write_r'.
INFO: [HLS 200-111] Finished Creating RTL model: CPU user time: 0.04 seconds. CPU system time: 0.01 seconds. Elapsed time: 0.08 seconds; current allocated memory: 582.941 MB.
INFO: [HLS 200-10] ----------------------------------------------------------------
INFO: [HLS 200-10] -- Generating RTL for module 'pass_dataflow' 
INFO: [HLS 200-10] ----------------------------------------------------------------
WARNING: [RTGEN 206-101] Setting dangling out port 'pass_dataflow/m_axi_p0_AWVALID' to 0.
WARNING: [RTGEN 206-101] Setting dangling out port 'pass_dataflow/m_axi_p0_AWADDR' to 0.
WARNING: [RTGEN 206-101] Setting dangling out port 'pass_dataflow/m_axi_p0_AWID' to 0.
WARNING: [RTGEN 206-101] Setting dangling out port 'pass_dataflow/m_axi_p0_AWLEN' to 0.
WARNING: [RTGEN 206-101] Setting dangling out port 'pass_dataflow/m_axi_p0_AWSIZE' to 0.
WARNING: [RTGEN 206-101] Setting dangling out port 'pass_dataflow/m_axi_p0_AWBURST' to 0.
WARNING: [RTGEN 206-101] Setting dangling out port 'pass_dataflow/m_axi_p0_AWLOCK' to 0.
WARNING: [RTGEN 206-101] Setting dangling out port 'pass_dataflow/m_axi_p0_AWCACHE' to 0.
WARNING: [RTGEN 206-101] Setting dangling out port 'pass_dataflow/m_axi_p0_AWPROT' to 0.
WARNING: [RTGEN 206-101] Setting dangling out port 'pass_dataflow/m_axi_p0_AWQOS' to 0.
WARNING: [RTGEN 206-101] Setting dangling out port 'pass_dataflow/m_axi_p0_AWREGION' to 0.
WARNING: [RTGEN 206-101] Setting dangling out port 'pass_dataflow/m_axi_p0_AWUSER' to 0.
WARNING: [RTGEN 206-101] Setting dangling out port 'pass_dataflow/m_axi_p0_WVALID' to 0.
WARNING: [RTGEN 206-101] Setting dangling out port 'pass_dataflow/m_axi_p0_WDATA' to 0.
WARNING: [RTGEN 206-101] Setting dangling out port 'pass_dataflow/m_axi_p0_WSTRB' to 0.
WARNING: [RTGEN 206-101] Setting dangling out port 'pass_dataflow/m_axi_p0_WLAST' to 0.
WARNING: [RTGEN 206-101] Setting dangling out port 'pass_dataflow/m_axi_p0_WID' to 0.
