

================================================================
== Vitis HLS Report for 'exec_Pipeline_VITIS_LOOP_23_1'
================================================================
* Date:           Fri Nov  8 21:38:40 2024

* Version:        2022.1 (Build 3526262 on Mon Apr 18 15:47:01 MDT 2022)
* Project:        pass
* Solution:       solution (Vitis Kernel Flow Target)
* Product family: virtexuplus
* Target device:  xcu50-fsvh2104-2-e


================================================================
== Performance Estimates
================================================================
+ Timing: 
    * Summary: 
    +--------+---------+----------+------------+
    |  Clock |  Target | Estimated| Uncertainty|
    +--------+---------+----------+------------+
    |ap_clk  |  3.33 ns|  2.382 ns|     0.90 ns|
    +--------+---------+----------+------------+

+ Latency: 
    * Summary: 
    +---------+---------+----------+----------+-----+-----+---------+
    |  Latency (cycles) |  Latency (absolute) |  Interval | Pipeline|
    |   min   |   max   |    min   |    max   | min | max |   Type  |
    +---------+---------+----------+----------+-----+-----+---------+
    |        ?|        ?|         ?|         ?|    ?|    ?|       no|
    +---------+---------+----------+----------+-----+-----+---------+

    + Detail: 
        * Instance: 
        N/A

        * Loop: 
        +-------------------+---------+---------+----------+-----------+-----------+------+----------+
        |                   |  Latency (cycles) | Iteration|  Initiation Interval  | Trip |          |
        |     Loop Name     |   min   |   max   |  Latency |  achieved |   target  | Count| Pipelined|
        +-------------------+---------+---------+----------+-----------+-----------+------+----------+
        |- VITIS_LOOP_23_1  |        ?|        ?|         4|          1|          1|     ?|       yes|
        +-------------------+---------+---------+----------+-----------+-----------+------+----------+

============================================================
+ Verbose Summary: Synthesis Manager
============================================================
InlineROM: 1
ExposeGlobal: 0
============================================================
+ Verbose Summary: CDFG Model
============================================================
IsTopModel: 0
ResetActiveHigh: 1
IsCombinational: 0
IsDatapathOnly: 0
HasWiredReturn: 1
HasMFsm: 2
HasVarLatency: 1
IsPipeline: 0
IsRtlPipelined: 0
IsInstanceOverlapped: 0
IsDontTouch: 0
HasImplIP: 0
IsGatedGlobalClock: 0

+ Individual pipeline summary: 
  * Pipeline-0: initiation interval (II) = 1, depth = 4


============================================================
+ Verbose Summary: Schedule
============================================================
* Number of FSM states : 4
* Pipeline : 1
  Pipeline-0 : II = 1, D = 4, States = { 1 2 3 4 }
* Dataflow Pipeline: 0

* FSM state transitions: 
1 --> 2 
2 --> 3 
3 --> 4 
4 --> 

* FSM state operations: 

State 1 <SV = 0> <Delay = 1.26>
ST_1 : Operation 7 [1/1] (0.00ns)   --->   "%num = alloca i32 1"   --->   Operation 7 'alloca' 'num' <Predicate = true> <Delay = 0.00>
ST_1 : Operation 8 [1/1] (0.00ns)   --->   "%cmp29_read = read i1 @_ssdm_op_Read.ap_auto.i1, i1 %cmp29"   --->   Operation 8 'read' 'cmp29_read' <Predicate = true> <Delay = 0.00>
ST_1 : Operation 9 [1/1] (0.00ns)   --->   "%zext_ln25_read = read i33 @_ssdm_op_Read.ap_auto.i33, i33 %zext_ln25"   --->   Operation 9 'read' 'zext_ln25_read' <Predicate = true> <Delay = 0.00>
ST_1 : Operation 10 [1/1] (0.00ns)   --->   "%numInputs_load_read = read i32 @_ssdm_op_Read.ap_auto.i32, i32 %numInputs_load"   --->   Operation 10 'read' 'numInputs_load_read' <Predicate = true> <Delay = 0.00>
ST_1 : Operation 11 [1/1] (0.00ns)   --->   "%zext_ln25_cast = zext i33 %zext_ln25_read"   --->   Operation 11 'zext' 'zext_ln25_cast' <Predicate = true> <Delay = 0.00>
ST_1 : Operation 12 [1/1] (0.00ns)   --->   "%specinterface_ln0 = specinterface void @_ssdm_op_SpecInterface, i512 %inStream2, void @empty_10, i32 0, i32 0, void @empty_13, i32 0, i32 0, void @empty_13, void @empty_13, void @empty_13, i32 0, i32 0, i32 0, i32 0, void @empty_13, void @empty_13, i32 4294967295, i32 0"   --->   Operation 12 'specinterface' 'specinterface_ln0' <Predicate = true> <Delay = 0.00>
ST_1 : Operation 13 [1/1] (0.00ns)   --->   "%specinterface_ln0 = specinterface void @_ssdm_op_SpecInterface, i512 %outStream3, void @empty_10, i32 0, i32 0, void @empty_13, i32 0, i32 0, void @empty_13, void @empty_13, void @empty_13, i32 0, i32 0, i32 0, i32 0, void @empty_13, void @empty_13, i32 4294967295, i32 0"   --->   Operation 13 'specinterface' 'specinterface_ln0' <Predicate = true> <Delay = 0.00>
ST_1 : Operation 14 [1/1] (0.38ns)   --->   "%store_ln0 = store i32 0, i32 %num"   --->   Operation 14 'store' 'store_ln0' <Predicate = true> <Delay = 0.38>
ST_1 : Operation 15 [1/1] (0.00ns)   --->   "%br_ln0 = br void %VITIS_LOOP_25_2"   --->   Operation 15 'br' 'br_ln0' <Predicate = true> <Delay = 0.00>
ST_1 : Operation 16 [1/1] (0.00ns)   --->   "%num_1 = load i32 %num" [/mnt/HLSNAS/02.IZunsR/course-lab_A/Vitis-Tutorials/Hardware_Acceleration/Design_Tutorials/07-host-code-opt/reference-files/src/pass.cpp:23]   --->   Operation 16 'load' 'num_1' <Predicate = true> <Delay = 0.00>
ST_1 : Operation 17 [1/1] (0.00ns)   --->   "%specpipeline_ln0 = specpipeline void @_ssdm_op_SpecPipeline, i32 4294967295, i32 0, i32 1, i32 0, void @p_str"   --->   Operation 17 'specpipeline' 'specpipeline_ln0' <Predicate = true> <Delay = 0.00>
ST_1 : Operation 18 [1/1] (0.85ns)   --->   "%icmp_ln23 = icmp_eq  i32 %num_1, i32 %numInputs_load_read" [/mnt/HLSNAS/02.IZunsR/course-lab_A/Vitis-Tutorials/Hardware_Acceleration/Design_Tutorials/07-host-code-opt/reference-files/src/pass.cpp:23]   --->   Operation 18 'icmp' 'icmp_ln23' <Predicate = true> <Delay = 0.85> <CoreInst = "Cmp">   --->   Core 9 'Cmp' <Latency = 0> <II = 1> <Delay = 0.85> <FuncUnit> <Opcode : 'icmp'> <InPorts = 2> <OutPorts = 1>
ST_1 : Operation 19 [1/1] (0.88ns)   --->   "%num_2 = add i32 %num_1, i32 1" [/mnt/HLSNAS/02.IZunsR/course-lab_A/Vitis-Tutorials/Hardware_Acceleration/Design_Tutorials/07-host-code-opt/reference-files/src/pass.cpp:23]   --->   Operation 19 'add' 'num_2' <Predicate = true> <Delay = 0.88> <CoreInst = "Adder">   --->   Core 1 'Adder' <Latency = 0> <II = 1> <Delay = 0.88> <FuncUnit> <Opcode : 'add' 'sub'> <InPorts = 2> <OutPorts = 1>
ST_1 : Operation 20 [1/1] (0.00ns)   --->   "%br_ln23 = br i1 %icmp_ln23, void %VITIS_LOOP_25_2.split, void %for.end7.loopexit.exitStub" [/mnt/HLSNAS/02.IZunsR/course-lab_A/Vitis-Tutorials/Hardware_Acceleration/Design_Tutorials/07-host-code-opt/reference-files/src/pass.cpp:23]   --->   Operation 20 'br' 'br_ln23' <Predicate = true> <Delay = 0.00>
ST_1 : Operation 21 [1/1] (0.38ns)   --->   "%store_ln23 = store i32 %num_2, i32 %num" [/mnt/HLSNAS/02.IZunsR/course-lab_A/Vitis-Tutorials/Hardware_Acceleration/Design_Tutorials/07-host-code-opt/reference-files/src/pass.cpp:23]   --->   Operation 21 'store' 'store_ln23' <Predicate = (!icmp_ln23)> <Delay = 0.38>

State 2 <SV = 1> <Delay = 2.38>
ST_2 : Operation 22 [1/1] (1.21ns)   --->   "%in_V = read i512 @_ssdm_op_Read.ap_fifo.volatile.i512P0A, i512 %inStream2" [/opt/Xilinx/Vitis_HLS/2022.1/common/technology/autopilot/hls_stream_39.h:145]   --->   Operation 22 'read' 'in_V' <Predicate = true> <Delay = 1.21> <CoreInst = "FIFO_SRL">   --->   Core 81 'FIFO_SRL' <Latency = 0> <II = 1> <Delay = 1.41> <Storage> <Opcode : 'read' 'write' 'nbread' 'nbwrite'> <Ports = 0> <Width = 512> <Depth = 2> <FIFO>
ST_2 : Operation 23 [2/2] (1.16ns)   --->   "%add_ln25 = add i512 %in_V, i512 %zext_ln25_cast" [/mnt/HLSNAS/02.IZunsR/course-lab_A/Vitis-Tutorials/Hardware_Acceleration/Design_Tutorials/07-host-code-opt/reference-files/src/pass.cpp:25]   --->   Operation 23 'add' 'add_ln25' <Predicate = (cmp29_read)> <Delay = 1.16> <CoreInst = "Adder">   --->   Core 1 'Adder' <Latency = 1> <II = 1> <Delay = 1.16> <FuncUnit> <Opcode : 'add' 'sub'> <InPorts = 2> <OutPorts = 1>

State 3 <SV = 2> <Delay = 1.74>
ST_3 : Operation 24 [1/2] (1.16ns)   --->   "%add_ln25 = add i512 %in_V, i512 %zext_ln25_cast" [/mnt/HLSNAS/02.IZunsR/course-lab_A/Vitis-Tutorials/Hardware_Acceleration/Design_Tutorials/07-host-code-opt/reference-files/src/pass.cpp:25]   --->   Operation 24 'add' 'add_ln25' <Predicate = (cmp29_read)> <Delay = 1.16> <CoreInst = "Adder">   --->   Core 1 'Adder' <Latency = 1> <II = 1> <Delay = 1.16> <FuncUnit> <Opcode : 'add' 'sub'> <InPorts = 2> <OutPorts = 1>
ST_3 : Operation 25 [1/1] (0.57ns)   --->   "%select_ln25 = select i1 %cmp29_read, i512 %add_ln25, i512 %in_V" [/mnt/HLSNAS/02.IZunsR/course-lab_A/Vitis-Tutorials/Hardware_Acceleration/Design_Tutorials/07-host-code-opt/reference-files/src/pass.cpp:25]   --->   Operation 25 'select' 'select_ln25' <Predicate = true> <Delay = 0.57> <CoreInst = "Sel">   --->   Core 73 'Sel' <Latency = 0> <II = 1> <Delay = 0.57> <FuncUnit> <Opcode : 'select'> <InPorts = 3> <OutPorts = 1>
ST_3 : Operation 29 [1/1] (0.00ns)   --->   "%ret_ln0 = ret"   --->   Operation 29 'ret' 'ret_ln0' <Predicate = (icmp_ln23)> <Delay = 0.00>

State 4 <SV = 3> <Delay = 1.21>
ST_4 : Operation 26 [1/1] (0.00ns)   --->   "%specloopname_ln23 = specloopname void @_ssdm_op_SpecLoopName, void @empty_18" [/mnt/HLSNAS/02.IZunsR/course-lab_A/Vitis-Tutorials/Hardware_Acceleration/Design_Tutorials/07-host-code-opt/reference-files/src/pass.cpp:23]   --->   Operation 26 'specloopname' 'specloopname_ln23' <Predicate = true> <Delay = 0.00>
ST_4 : Operation 27 [1/1] (1.21ns)   --->   "%write_ln174 = write void @_ssdm_op_Write.ap_fifo.volatile.i512P0A, i512 %outStream3, i512 %select_ln25" [/opt/Xilinx/Vitis_HLS/2022.1/common/technology/autopilot/hls_stream_39.h:174]   --->   Operation 27 'write' 'write_ln174' <Predicate = true> <Delay = 1.21> <CoreInst = "FIFO_SRL">   --->   Core 81 'FIFO_SRL' <Latency = 0> <II = 1> <Delay = 1.41> <Storage> <Opcode : 'read' 'write' 'nbread' 'nbwrite'> <Ports = 0> <Width = 512> <Depth = 2> <FIFO>
ST_4 : Operation 28 [1/1] (0.00ns)   --->   "%br_ln23 = br void %VITIS_LOOP_25_2" [/mnt/HLSNAS/02.IZunsR/course-lab_A/Vitis-Tutorials/Hardware_Acceleration/Design_Tutorials/07-host-code-opt/reference-files/src/pass.cpp:23]   --->   Operation 28 'br' 'br_ln23' <Predicate = true> <Delay = 0.00>


============================================================
+ Verbose Summary: Timing violations
============================================================
Target clock period: 3.33ns, clock uncertainty: 0.9ns.

 <State 1>: 1.27ns
The critical path consists of the following:
	'alloca' operation ('num') [6]  (0 ns)
	'load' operation ('num', /mnt/HLSNAS/02.IZunsR/course-lab_A/Vitis-Tutorials/Hardware_Acceleration/Design_Tutorials/07-host-code-opt/reference-files/src/pass.cpp:23) on local variable 'num' [16]  (0 ns)
	'add' operation ('num', /mnt/HLSNAS/02.IZunsR/course-lab_A/Vitis-Tutorials/Hardware_Acceleration/Design_Tutorials/07-host-code-opt/reference-files/src/pass.cpp:23) [19]  (0.88 ns)
	'store' operation ('store_ln23', /mnt/HLSNAS/02.IZunsR/course-lab_A/Vitis-Tutorials/Hardware_Acceleration/Design_Tutorials/07-host-code-opt/reference-files/src/pass.cpp:23) of variable 'num', /mnt/HLSNAS/02.IZunsR/course-lab_A/Vitis-Tutorials/Hardware_Acceleration/Design_Tutorials/07-host-code-opt/reference-files/src/pass.cpp:23 on local variable 'num' [27]  (0.387 ns)

 <State 2>: 2.38ns
The critical path consists of the following:
	fifo read operation ('in.V', /opt/Xilinx/Vitis_HLS/2022.1/common/technology/autopilot/hls_stream_39.h:145) on port 'inStream2' (/opt/Xilinx/Vitis_HLS/2022.1/common/technology/autopilot/hls_stream_39.h:145) [23]  (1.22 ns)
	'add' operation ('add_ln25', /mnt/HLSNAS/02.IZunsR/course-lab_A/Vitis-Tutorials/Hardware_Acceleration/Design_Tutorials/07-host-code-opt/reference-files/src/pass.cpp:25) [24]  (1.17 ns)

 <State 3>: 1.74ns
The critical path consists of the following:
	'add' operation ('add_ln25', /mnt/HLSNAS/02.IZunsR/course-lab_A/Vitis-Tutorials/Hardware_Acceleration/Design_Tutorials/07-host-code-opt/reference-files/src/pass.cpp:25) [24]  (1.17 ns)
	'select' operation ('select_ln25', /mnt/HLSNAS/02.IZunsR/course-lab_A/Vitis-Tutorials/Hardware_Acceleration/Design_Tutorials/07-host-code-opt/reference-files/src/pass.cpp:25) [25]  (0.578 ns)

 <State 4>: 1.22ns
The critical path consists of the following:
	fifo write operation ('write_ln174', /opt/Xilinx/Vitis_HLS/2022.1/common/technology/autopilot/hls_stream_39.h:174) on port 'outStream3' (/opt/Xilinx/Vitis_HLS/2022.1/common/technology/autopilot/hls_stream_39.h:174) [26]  (1.22 ns)


============================================================
+ Verbose Summary: Binding
============================================================
N/A
* FSMD analyzer results:
  - Output states:
 - Input state : 
  - Chain level:
	State 1
	State 2
	State 3
	State 4


============================================================
+ Verbose Summary: Datapath Resource usage 
============================================================
N/A
