

================================================================
== Vitis HLS Report for 'read_r'
================================================================
* Date:           Fri Nov  8 21:38:39 2024

* Version:        2022.1 (Build 3526262 on Mon Apr 18 15:47:01 MDT 2022)
* Project:        pass
* Solution:       solution (Vitis Kernel Flow Target)
* Product family: virtexuplus
* Target device:  xcu50-fsvh2104-2-e


================================================================
== Performance Estimates
================================================================
+ Timing: 
    * Summary: 
    +--------+---------+----------+------------+
    |  Clock |  Target | Estimated| Uncertainty|
    +--------+---------+----------+------------+
    |ap_clk  |  3.33 ns|  2.433 ns|     0.90 ns|
    +--------+---------+----------+------------+

+ Latency: 
    * Summary: 
    +---------+---------+----------+----------+-----+-----+---------+
    |  Latency (cycles) |  Latency (absolute) |  Interval | Pipeline|
    |   min   |   max   |    min   |    max   | min | max |   Type  |
    +---------+---------+----------+----------+-----+-----+---------+
    |        ?|        ?|         ?|         ?|    ?|    ?|       no|
    +---------+---------+----------+----------+-----+-----+---------+

    + Detail: 
        * Instance: 
        N/A

        * Loop: 
        N/A

============================================================
+ Verbose Summary: Synthesis Manager
============================================================
InlineROM: 1
ExposeGlobal: 0
============================================================
+ Verbose Summary: CDFG Model
============================================================
IsTopModel: 0
ResetActiveHigh: 1
IsCombinational: 2
IsDatapathOnly: 0
HasWiredReturn: 1
HasMFsm: 0
HasVarLatency: 1
IsPipeline: 0
IsRtlPipelined: 0
IsInstanceOverlapped: 0
IsDontTouch: 0
HasImplIP: 0
IsGatedGlobalClock: 0


============================================================
+ Verbose Summary: Schedule
============================================================
* Number of FSM states : 73
* Pipeline : 0
* Dataflow Pipeline: 0

* FSM state transitions: 
1 --> 2 
2 --> 3 73 
3 --> 4 
4 --> 5 
5 --> 6 
6 --> 7 
7 --> 8 
8 --> 9 
9 --> 10 
10 --> 11 
11 --> 12 
12 --> 13 
13 --> 14 
14 --> 15 
15 --> 16 
16 --> 17 
17 --> 18 
18 --> 19 
19 --> 20 
20 --> 21 
21 --> 22 
22 --> 23 
23 --> 24 
24 --> 25 
25 --> 26 
26 --> 27 
27 --> 28 
28 --> 29 
29 --> 30 
30 --> 31 
31 --> 32 
32 --> 33 
33 --> 34 
34 --> 35 
35 --> 36 
36 --> 37 
37 --> 38 
38 --> 39 
39 --> 40 
40 --> 41 
41 --> 42 
42 --> 43 
43 --> 44 
44 --> 45 
45 --> 46 
46 --> 47 
47 --> 48 
48 --> 49 
49 --> 50 
50 --> 51 
51 --> 52 
52 --> 53 
53 --> 54 
54 --> 55 
55 --> 56 
56 --> 57 
57 --> 58 
58 --> 59 
59 --> 60 
60 --> 61 
61 --> 62 
62 --> 63 
63 --> 64 
64 --> 65 
65 --> 66 
66 --> 67 
67 --> 68 
68 --> 69 
69 --> 70 
70 --> 71 
71 --> 72 
72 --> 73 
73 --> 

* FSM state operations: 

State 1 <SV = 0> <Delay = 1.21>
ST_1 : Operation 74 [1/1] (0.00ns)   --->   "%numInputs_read = read i32 @_ssdm_op_Read.ap_auto.i32, i32 %numInputs"   --->   Operation 74 'read' 'numInputs_read' <Predicate = true> <Delay = 0.00>
ST_1 : Operation 75 [1/1] (1.21ns)   --->   "%write_ln0 = write void @_ssdm_op_Write.ap_fifo.i32P0A, i32 %numInputs_c9, i32 %numInputs_read"   --->   Operation 75 'write' 'write_ln0' <Predicate = true> <Delay = 1.21> <CoreInst = "FIFO_SRL">   --->   Core 81 'FIFO_SRL' <Latency = 0> <II = 1> <Delay = 1.39> <Storage> <Opcode : 'read' 'write' 'nbread' 'nbwrite'> <Ports = 0> <Width = 32> <Depth = 2> <FIFO>
ST_1 : Operation 76 [1/1] (0.85ns)   --->   "%icmp_ln13 = icmp_eq  i32 %numInputs_read, i32 0" [/mnt/HLSNAS/02.IZunsR/course-lab_A/Vitis-Tutorials/Hardware_Acceleration/Design_Tutorials/07-host-code-opt/reference-files/src/pass.cpp:13]   --->   Operation 76 'icmp' 'icmp_ln13' <Predicate = true> <Delay = 0.85> <CoreInst = "Cmp">   --->   Core 9 'Cmp' <Latency = 0> <II = 1> <Delay = 0.85> <FuncUnit> <Opcode : 'icmp'> <InPorts = 2> <OutPorts = 1>

State 2 <SV = 1> <Delay = 2.43>
ST_2 : Operation 77 [1/1] (0.00ns)   --->   "%specinterface_ln0 = specinterface void @_ssdm_op_SpecInterface, i32 %numInputs_c9, void @ap_fifo_str, i32 0, i32 0, void @p_str, i32 0, i32 0, void @p_str, void @p_str, void @p_str, i32 2, i32 2, i32 16, i32 16, void @p_str, void @ScalarProp_str, i32 4294967295, i32 0"   --->   Operation 77 'specinterface' 'specinterface_ln0' <Predicate = true> <Delay = 0.00>
ST_2 : Operation 78 [1/1] (0.00ns)   --->   "%input_read = read i64 @_ssdm_op_Read.ap_auto.i64, i64 %input_r"   --->   Operation 78 'read' 'input_read' <Predicate = true> <Delay = 0.00>
ST_2 : Operation 79 [1/1] (0.00ns)   --->   "%specinterface_ln0 = specinterface void @_ssdm_op_SpecInterface, i512 %inStream2, void @empty_10, i32 0, i32 0, void @empty_13, i32 0, i32 0, void @empty_13, void @empty_13, void @empty_13, i32 0, i32 0, i32 0, i32 0, void @empty_13, void @empty_13, i32 4294967295, i32 0"   --->   Operation 79 'specinterface' 'specinterface_ln0' <Predicate = true> <Delay = 0.00>
ST_2 : Operation 80 [1/1] (0.00ns)   --->   "%specinterface_ln0 = specinterface void @_ssdm_op_SpecInterface, i512 %p0, void @empty_3, i32 0, i32 0, void @empty_13, i32 64, i32 0, void @empty_14, void @empty_15, void @empty_13, i32 16, i32 16, i32 16, i32 16, void @empty_13, void @empty_13, i32 4294967295, i32 0"   --->   Operation 80 'specinterface' 'specinterface_ln0' <Predicate = true> <Delay = 0.00>
ST_2 : Operation 81 [1/1] (0.00ns)   --->   "%br_ln13 = br i1 %icmp_ln13, void %for.body.lr.ph, void %for.end" [/mnt/HLSNAS/02.IZunsR/course-lab_A/Vitis-Tutorials/Hardware_Acceleration/Design_Tutorials/07-host-code-opt/reference-files/src/pass.cpp:13]   --->   Operation 81 'br' 'br_ln13' <Predicate = true> <Delay = 0.00>
ST_2 : Operation 82 [1/1] (0.00ns)   --->   "%trunc_ln = partselect i58 @_ssdm_op_PartSelect.i58.i64.i32.i32, i64 %input_read, i32 6, i32 63" [/mnt/HLSNAS/02.IZunsR/course-lab_A/Vitis-Tutorials/Hardware_Acceleration/Design_Tutorials/07-host-code-opt/reference-files/src/pass.cpp:13]   --->   Operation 82 'partselect' 'trunc_ln' <Predicate = (!icmp_ln13)> <Delay = 0.00>
ST_2 : Operation 83 [1/1] (0.00ns)   --->   "%sext_ln13 = sext i58 %trunc_ln" [/mnt/HLSNAS/02.IZunsR/course-lab_A/Vitis-Tutorials/Hardware_Acceleration/Design_Tutorials/07-host-code-opt/reference-files/src/pass.cpp:13]   --->   Operation 83 'sext' 'sext_ln13' <Predicate = (!icmp_ln13)> <Delay = 0.00>
ST_2 : Operation 84 [1/1] (0.00ns)   --->   "%p0_addr = getelementptr i512 %p0, i64 %sext_ln13" [/mnt/HLSNAS/02.IZunsR/course-lab_A/Vitis-Tutorials/Hardware_Acceleration/Design_Tutorials/07-host-code-opt/reference-files/src/pass.cpp:13]   --->   Operation 84 'getelementptr' 'p0_addr' <Predicate = (!icmp_ln13)> <Delay = 0.00>
ST_2 : Operation 85 [70/70] (2.43ns)   --->   "%empty = readreq i1 @_ssdm_op_ReadReq.m_axi.p1i512, i512 %p0_addr, i32 %numInputs_read" [/mnt/HLSNAS/02.IZunsR/course-lab_A/Vitis-Tutorials/Hardware_Acceleration/Design_Tutorials/07-host-code-opt/reference-files/src/pass.cpp:13]   --->   Operation 85 'readreq' 'empty' <Predicate = (!icmp_ln13)> <Delay = 2.43> <CoreInst = "m_axi">   --->   Core 121 'm_axi' <Latency = 0> <II = 1> <Delay = 1.00> <Adapter> <Opcode : 'read' 'write' 'readreq' 'writereq' 'writeresp'>

State 3 <SV = 2> <Delay = 2.43>
ST_3 : Operation 86 [69/70] (2.43ns)   --->   "%empty = readreq i1 @_ssdm_op_ReadReq.m_axi.p1i512, i512 %p0_addr, i32 %numInputs_read" [/mnt/HLSNAS/02.IZunsR/course-lab_A/Vitis-Tutorials/Hardware_Acceleration/Design_Tutorials/07-host-code-opt/reference-files/src/pass.cpp:13]   --->   Operation 86 'readreq' 'empty' <Predicate = true> <Delay = 2.43> <CoreInst = "m_axi">   --->   Core 121 'm_axi' <Latency = 0> <II = 1> <Delay = 1.00> <Adapter> <Opcode : 'read' 'write' 'readreq' 'writereq' 'writeresp'>

State 4 <SV = 3> <Delay = 2.43>
ST_4 : Operation 87 [68/70] (2.43ns)   --->   "%empty = readreq i1 @_ssdm_op_ReadReq.m_axi.p1i512, i512 %p0_addr, i32 %numInputs_read" [/mnt/HLSNAS/02.IZunsR/course-lab_A/Vitis-Tutorials/Hardware_Acceleration/Design_Tutorials/07-host-code-opt/reference-files/src/pass.cpp:13]   --->   Operation 87 'readreq' 'empty' <Predicate = true> <Delay = 2.43> <CoreInst = "m_axi">   --->   Core 121 'm_axi' <Latency = 0> <II = 1> <Delay = 1.00> <Adapter> <Opcode : 'read' 'write' 'readreq' 'writereq' 'writeresp'>

State 5 <SV = 4> <Delay = 2.43>
ST_5 : Operation 88 [67/70] (2.43ns)   --->   "%empty = readreq i1 @_ssdm_op_ReadReq.m_axi.p1i512, i512 %p0_addr, i32 %numInputs_read" [/mnt/HLSNAS/02.IZunsR/course-lab_A/Vitis-Tutorials/Hardware_Acceleration/Design_Tutorials/07-host-code-opt/reference-files/src/pass.cpp:13]   --->   Operation 88 'readreq' 'empty' <Predicate = true> <Delay = 2.43> <CoreInst = "m_axi">   --->   Core 121 'm_axi' <Latency = 0> <II = 1> <Delay = 1.00> <Adapter> <Opcode : 'read' 'write' 'readreq' 'writereq' 'writeresp'>

State 6 <SV = 5> <Delay = 2.43>
ST_6 : Operation 89 [66/70] (2.43ns)   --->   "%empty = readreq i1 @_ssdm_op_ReadReq.m_axi.p1i512, i512 %p0_addr, i32 %numInputs_read" [/mnt/HLSNAS/02.IZunsR/course-lab_A/Vitis-Tutorials/Hardware_Acceleration/Design_Tutorials/07-host-code-opt/reference-files/src/pass.cpp:13]   --->   Operation 89 'readreq' 'empty' <Predicate = true> <Delay = 2.43> <CoreInst = "m_axi">   --->   Core 121 'm_axi' <Latency = 0> <II = 1> <Delay = 1.00> <Adapter> <Opcode : 'read' 'write' 'readreq' 'writereq' 'writeresp'>

State 7 <SV = 6> <Delay = 2.43>
ST_7 : Operation 90 [65/70] (2.43ns)   --->   "%empty = readreq i1 @_ssdm_op_ReadReq.m_axi.p1i512, i512 %p0_addr, i32 %numInputs_read" [/mnt/HLSNAS/02.IZunsR/course-lab_A/Vitis-Tutorials/Hardware_Acceleration/Design_Tutorials/07-host-code-opt/reference-files/src/pass.cpp:13]   --->   Operation 90 'readreq' 'empty' <Predicate = true> <Delay = 2.43> <CoreInst = "m_axi">   --->   Core 121 'm_axi' <Latency = 0> <II = 1> <Delay = 1.00> <Adapter> <Opcode : 'read' 'write' 'readreq' 'writereq' 'writeresp'>

State 8 <SV = 7> <Delay = 2.43>
ST_8 : Operation 91 [64/70] (2.43ns)   --->   "%empty = readreq i1 @_ssdm_op_ReadReq.m_axi.p1i512, i512 %p0_addr, i32 %numInputs_read" [/mnt/HLSNAS/02.IZunsR/course-lab_A/Vitis-Tutorials/Hardware_Acceleration/Design_Tutorials/07-host-code-opt/reference-files/src/pass.cpp:13]   --->   Operation 91 'readreq' 'empty' <Predicate = true> <Delay = 2.43> <CoreInst = "m_axi">   --->   Core 121 'm_axi' <Latency = 0> <II = 1> <Delay = 1.00> <Adapter> <Opcode : 'read' 'write' 'readreq' 'writereq' 'writeresp'>

State 9 <SV = 8> <Delay = 2.43>
ST_9 : Operation 92 [63/70] (2.43ns)   --->   "%empty = readreq i1 @_ssdm_op_ReadReq.m_axi.p1i512, i512 %p0_addr, i32 %numInputs_read" [/mnt/HLSNAS/02.IZunsR/course-lab_A/Vitis-Tutorials/Hardware_Acceleration/Design_Tutorials/07-host-code-opt/reference-files/src/pass.cpp:13]   --->   Operation 92 'readreq' 'empty' <Predicate = true> <Delay = 2.43> <CoreInst = "m_axi">   --->   Core 121 'm_axi' <Latency = 0> <II = 1> <Delay = 1.00> <Adapter> <Opcode : 'read' 'write' 'readreq' 'writereq' 'writeresp'>

State 10 <SV = 9> <Delay = 2.43>
ST_10 : Operation 93 [62/70] (2.43ns)   --->   "%empty = readreq i1 @_ssdm_op_ReadReq.m_axi.p1i512, i512 %p0_addr, i32 %numInputs_read" [/mnt/HLSNAS/02.IZunsR/course-lab_A/Vitis-Tutorials/Hardware_Acceleration/Design_Tutorials/07-host-code-opt/reference-files/src/pass.cpp:13]   --->   Operation 93 'readreq' 'empty' <Predicate = true> <Delay = 2.43> <CoreInst = "m_axi">   --->   Core 121 'm_axi' <Latency = 0> <II = 1> <Delay = 1.00> <Adapter> <Opcode : 'read' 'write' 'readreq' 'writereq' 'writeresp'>

State 11 <SV = 10> <Delay = 2.43>
ST_11 : Operation 94 [61/70] (2.43ns)   --->   "%empty = readreq i1 @_ssdm_op_ReadReq.m_axi.p1i512, i512 %p0_addr, i32 %numInputs_read" [/mnt/HLSNAS/02.IZunsR/course-lab_A/Vitis-Tutorials/Hardware_Acceleration/Design_Tutorials/07-host-code-opt/reference-files/src/pass.cpp:13]   --->   Operation 94 'readreq' 'empty' <Predicate = true> <Delay = 2.43> <CoreInst = "m_axi">   --->   Core 121 'm_axi' <Latency = 0> <II = 1> <Delay = 1.00> <Adapter> <Opcode : 'read' 'write' 'readreq' 'writereq' 'writeresp'>

State 12 <SV = 11> <Delay = 2.43>
ST_12 : Operation 95 [60/70] (2.43ns)   --->   "%empty = readreq i1 @_ssdm_op_ReadReq.m_axi.p1i512, i512 %p0_addr, i32 %numInputs_read" [/mnt/HLSNAS/02.IZunsR/course-lab_A/Vitis-Tutorials/Hardware_Acceleration/Design_Tutorials/07-host-code-opt/reference-files/src/pass.cpp:13]   --->   Operation 95 'readreq' 'empty' <Predicate = true> <Delay = 2.43> <CoreInst = "m_axi">   --->   Core 121 'm_axi' <Latency = 0> <II = 1> <Delay = 1.00> <Adapter> <Opcode : 'read' 'write' 'readreq' 'writereq' 'writeresp'>

State 13 <SV = 12> <Delay = 2.43>
ST_13 : Operation 96 [59/70] (2.43ns)   --->   "%empty = readreq i1 @_ssdm_op_ReadReq.m_axi.p1i512, i512 %p0_addr, i32 %numInputs_read" [/mnt/HLSNAS/02.IZunsR/course-lab_A/Vitis-Tutorials/Hardware_Acceleration/Design_Tutorials/07-host-code-opt/reference-files/src/pass.cpp:13]   --->   Operation 96 'readreq' 'empty' <Predicate = true> <Delay = 2.43> <CoreInst = "m_axi">   --->   Core 121 'm_axi' <Latency = 0> <II = 1> <Delay = 1.00> <Adapter> <Opcode : 'read' 'write' 'readreq' 'writereq' 'writeresp'>

State 14 <SV = 13> <Delay = 2.43>
ST_14 : Operation 97 [58/70] (2.43ns)   --->   "%empty = readreq i1 @_ssdm_op_ReadReq.m_axi.p1i512, i512 %p0_addr, i32 %numInputs_read" [/mnt/HLSNAS/02.IZunsR/course-lab_A/Vitis-Tutorials/Hardware_Acceleration/Design_Tutorials/07-host-code-opt/reference-files/src/pass.cpp:13]   --->   Operation 97 'readreq' 'empty' <Predicate = true> <Delay = 2.43> <CoreInst = "m_axi">   --->   Core 121 'm_axi' <Latency = 0> <II = 1> <Delay = 1.00> <Adapter> <Opcode : 'read' 'write' 'readreq' 'writereq' 'writeresp'>

State 15 <SV = 14> <Delay = 2.43>
ST_15 : Operation 98 [57/70] (2.43ns)   --->   "%empty = readreq i1 @_ssdm_op_ReadReq.m_axi.p1i512, i512 %p0_addr, i32 %numInputs_read" [/mnt/HLSNAS/02.IZunsR/course-lab_A/Vitis-Tutorials/Hardware_Acceleration/Design_Tutorials/07-host-code-opt/reference-files/src/pass.cpp:13]   --->   Operation 98 'readreq' 'empty' <Predicate = true> <Delay = 2.43> <CoreInst = "m_axi">   --->   Core 121 'm_axi' <Latency = 0> <II = 1> <Delay = 1.00> <Adapter> <Opcode : 'read' 'write' 'readreq' 'writereq' 'writeresp'>

State 16 <SV = 15> <Delay = 2.43>
ST_16 : Operation 99 [56/70] (2.43ns)   --->   "%empty = readreq i1 @_ssdm_op_ReadReq.m_axi.p1i512, i512 %p0_addr, i32 %numInputs_read" [/mnt/HLSNAS/02.IZunsR/course-lab_A/Vitis-Tutorials/Hardware_Acceleration/Design_Tutorials/07-host-code-opt/reference-files/src/pass.cpp:13]   --->   Operation 99 'readreq' 'empty' <Predicate = true> <Delay = 2.43> <CoreInst = "m_axi">   --->   Core 121 'm_axi' <Latency = 0> <II = 1> <Delay = 1.00> <Adapter> <Opcode : 'read' 'write' 'readreq' 'writereq' 'writeresp'>

State 17 <SV = 16> <Delay = 2.43>
ST_17 : Operation 100 [55/70] (2.43ns)   --->   "%empty = readreq i1 @_ssdm_op_ReadReq.m_axi.p1i512, i512 %p0_addr, i32 %numInputs_read" [/mnt/HLSNAS/02.IZunsR/course-lab_A/Vitis-Tutorials/Hardware_Acceleration/Design_Tutorials/07-host-code-opt/reference-files/src/pass.cpp:13]   --->   Operation 100 'readreq' 'empty' <Predicate = true> <Delay = 2.43> <CoreInst = "m_axi">   --->   Core 121 'm_axi' <Latency = 0> <II = 1> <Delay = 1.00> <Adapter> <Opcode : 'read' 'write' 'readreq' 'writereq' 'writeresp'>

State 18 <SV = 17> <Delay = 2.43>
ST_18 : Operation 101 [54/70] (2.43ns)   --->   "%empty = readreq i1 @_ssdm_op_ReadReq.m_axi.p1i512, i512 %p0_addr, i32 %numInputs_read" [/mnt/HLSNAS/02.IZunsR/course-lab_A/Vitis-Tutorials/Hardware_Acceleration/Design_Tutorials/07-host-code-opt/reference-files/src/pass.cpp:13]   --->   Operation 101 'readreq' 'empty' <Predicate = true> <Delay = 2.43> <CoreInst = "m_axi">   --->   Core 121 'm_axi' <Latency = 0> <II = 1> <Delay = 1.00> <Adapter> <Opcode : 'read' 'write' 'readreq' 'writereq' 'writeresp'>

State 19 <SV = 18> <Delay = 2.43>
ST_19 : Operation 102 [53/70] (2.43ns)   --->   "%empty = readreq i1 @_ssdm_op_ReadReq.m_axi.p1i512, i512 %p0_addr, i32 %numInputs_read" [/mnt/HLSNAS/02.IZunsR/course-lab_A/Vitis-Tutorials/Hardware_Acceleration/Design_Tutorials/07-host-code-opt/reference-files/src/pass.cpp:13]   --->   Operation 102 'readreq' 'empty' <Predicate = true> <Delay = 2.43> <CoreInst = "m_axi">   --->   Core 121 'm_axi' <Latency = 0> <II = 1> <Delay = 1.00> <Adapter> <Opcode : 'read' 'write' 'readreq' 'writereq' 'writeresp'>

State 20 <SV = 19> <Delay = 2.43>
ST_20 : Operation 103 [52/70] (2.43ns)   --->   "%empty = readreq i1 @_ssdm_op_ReadReq.m_axi.p1i512, i512 %p0_addr, i32 %numInputs_read" [/mnt/HLSNAS/02.IZunsR/course-lab_A/Vitis-Tutorials/Hardware_Acceleration/Design_Tutorials/07-host-code-opt/reference-files/src/pass.cpp:13]   --->   Operation 103 'readreq' 'empty' <Predicate = true> <Delay = 2.43> <CoreInst = "m_axi">   --->   Core 121 'm_axi' <Latency = 0> <II = 1> <Delay = 1.00> <Adapter> <Opcode : 'read' 'write' 'readreq' 'writereq' 'writeresp'>

State 21 <SV = 20> <Delay = 2.43>
ST_21 : Operation 104 [51/70] (2.43ns)   --->   "%empty = readreq i1 @_ssdm_op_ReadReq.m_axi.p1i512, i512 %p0_addr, i32 %numInputs_read" [/mnt/HLSNAS/02.IZunsR/course-lab_A/Vitis-Tutorials/Hardware_Acceleration/Design_Tutorials/07-host-code-opt/reference-files/src/pass.cpp:13]   --->   Operation 104 'readreq' 'empty' <Predicate = true> <Delay = 2.43> <CoreInst = "m_axi">   --->   Core 121 'm_axi' <Latency = 0> <II = 1> <Delay = 1.00> <Adapter> <Opcode : 'read' 'write' 'readreq' 'writereq' 'writeresp'>

State 22 <SV = 21> <Delay = 2.43>
ST_22 : Operation 105 [50/70] (2.43ns)   --->   "%empty = readreq i1 @_ssdm_op_ReadReq.m_axi.p1i512, i512 %p0_addr, i32 %numInputs_read" [/mnt/HLSNAS/02.IZunsR/course-lab_A/Vitis-Tutorials/Hardware_Acceleration/Design_Tutorials/07-host-code-opt/reference-files/src/pass.cpp:13]   --->   Operation 105 'readreq' 'empty' <Predicate = true> <Delay = 2.43> <CoreInst = "m_axi">   --->   Core 121 'm_axi' <Latency = 0> <II = 1> <Delay = 1.00> <Adapter> <Opcode : 'read' 'write' 'readreq' 'writereq' 'writeresp'>

State 23 <SV = 22> <Delay = 2.43>
ST_23 : Operation 106 [49/70] (2.43ns)   --->   "%empty = readreq i1 @_ssdm_op_ReadReq.m_axi.p1i512, i512 %p0_addr, i32 %numInputs_read" [/mnt/HLSNAS/02.IZunsR/course-lab_A/Vitis-Tutorials/Hardware_Acceleration/Design_Tutorials/07-host-code-opt/reference-files/src/pass.cpp:13]   --->   Operation 106 'readreq' 'empty' <Predicate = true> <Delay = 2.43> <CoreInst = "m_axi">   --->   Core 121 'm_axi' <Latency = 0> <II = 1> <Delay = 1.00> <Adapter> <Opcode : 'read' 'write' 'readreq' 'writereq' 'writeresp'>

State 24 <SV = 23> <Delay = 2.43>
ST_24 : Operation 107 [48/70] (2.43ns)   --->   "%empty = readreq i1 @_ssdm_op_ReadReq.m_axi.p1i512, i512 %p0_addr, i32 %numInputs_read" [/mnt/HLSNAS/02.IZunsR/course-lab_A/Vitis-Tutorials/Hardware_Acceleration/Design_Tutorials/07-host-code-opt/reference-files/src/pass.cpp:13]   --->   Operation 107 'readreq' 'empty' <Predicate = true> <Delay = 2.43> <CoreInst = "m_axi">   --->   Core 121 'm_axi' <Latency = 0> <II = 1> <Delay = 1.00> <Adapter> <Opcode : 'read' 'write' 'readreq' 'writereq' 'writeresp'>

State 25 <SV = 24> <Delay = 2.43>
ST_25 : Operation 108 [47/70] (2.43ns)   --->   "%empty = readreq i1 @_ssdm_op_ReadReq.m_axi.p1i512, i512 %p0_addr, i32 %numInputs_read" [/mnt/HLSNAS/02.IZunsR/course-lab_A/Vitis-Tutorials/Hardware_Acceleration/Design_Tutorials/07-host-code-opt/reference-files/src/pass.cpp:13]   --->   Operation 108 'readreq' 'empty' <Predicate = true> <Delay = 2.43> <CoreInst = "m_axi">   --->   Core 121 'm_axi' <Latency = 0> <II = 1> <Delay = 1.00> <Adapter> <Opcode : 'read' 'write' 'readreq' 'writereq' 'writeresp'>

State 26 <SV = 25> <Delay = 2.43>
ST_26 : Operation 109 [46/70] (2.43ns)   --->   "%empty = readreq i1 @_ssdm_op_ReadReq.m_axi.p1i512, i512 %p0_addr, i32 %numInputs_read" [/mnt/HLSNAS/02.IZunsR/course-lab_A/Vitis-Tutorials/Hardware_Acceleration/Design_Tutorials/07-host-code-opt/reference-files/src/pass.cpp:13]   --->   Operation 109 'readreq' 'empty' <Predicate = true> <Delay = 2.43> <CoreInst = "m_axi">   --->   Core 121 'm_axi' <Latency = 0> <II = 1> <Delay = 1.00> <Adapter> <Opcode : 'read' 'write' 'readreq' 'writereq' 'writeresp'>

State 27 <SV = 26> <Delay = 2.43>
ST_27 : Operation 110 [45/70] (2.43ns)   --->   "%empty = readreq i1 @_ssdm_op_ReadReq.m_axi.p1i512, i512 %p0_addr, i32 %numInputs_read" [/mnt/HLSNAS/02.IZunsR/course-lab_A/Vitis-Tutorials/Hardware_Acceleration/Design_Tutorials/07-host-code-opt/reference-files/src/pass.cpp:13]   --->   Operation 110 'readreq' 'empty' <Predicate = true> <Delay = 2.43> <CoreInst = "m_axi">   --->   Core 121 'm_axi' <Latency = 0> <II = 1> <Delay = 1.00> <Adapter> <Opcode : 'read' 'write' 'readreq' 'writereq' 'writeresp'>

State 28 <SV = 27> <Delay = 2.43>
ST_28 : Operation 111 [44/70] (2.43ns)   --->   "%empty = readreq i1 @_ssdm_op_ReadReq.m_axi.p1i512, i512 %p0_addr, i32 %numInputs_read" [/mnt/HLSNAS/02.IZunsR/course-lab_A/Vitis-Tutorials/Hardware_Acceleration/Design_Tutorials/07-host-code-opt/reference-files/src/pass.cpp:13]   --->   Operation 111 'readreq' 'empty' <Predicate = true> <Delay = 2.43> <CoreInst = "m_axi">   --->   Core 121 'm_axi' <Latency = 0> <II = 1> <Delay = 1.00> <Adapter> <Opcode : 'read' 'write' 'readreq' 'writereq' 'writeresp'>

State 29 <SV = 28> <Delay = 2.43>
ST_29 : Operation 112 [43/70] (2.43ns)   --->   "%empty = readreq i1 @_ssdm_op_ReadReq.m_axi.p1i512, i512 %p0_addr, i32 %numInputs_read" [/mnt/HLSNAS/02.IZunsR/course-lab_A/Vitis-Tutorials/Hardware_Acceleration/Design_Tutorials/07-host-code-opt/reference-files/src/pass.cpp:13]   --->   Operation 112 'readreq' 'empty' <Predicate = true> <Delay = 2.43> <CoreInst = "m_axi">   --->   Core 121 'm_axi' <Latency = 0> <II = 1> <Delay = 1.00> <Adapter> <Opcode : 'read' 'write' 'readreq' 'writereq' 'writeresp'>

State 30 <SV = 29> <Delay = 2.43>
ST_30 : Operation 113 [42/70] (2.43ns)   --->   "%empty = readreq i1 @_ssdm_op_ReadReq.m_axi.p1i512, i512 %p0_addr, i32 %numInputs_read" [/mnt/HLSNAS/02.IZunsR/course-lab_A/Vitis-Tutorials/Hardware_Acceleration/Design_Tutorials/07-host-code-opt/reference-files/src/pass.cpp:13]   --->   Operation 113 'readreq' 'empty' <Predicate = true> <Delay = 2.43> <CoreInst = "m_axi">   --->   Core 121 'm_axi' <Latency = 0> <II = 1> <Delay = 1.00> <Adapter> <Opcode : 'read' 'write' 'readreq' 'writereq' 'writeresp'>

State 31 <SV = 30> <Delay = 2.43>
ST_31 : Operation 114 [41/70] (2.43ns)   --->   "%empty = readreq i1 @_ssdm_op_ReadReq.m_axi.p1i512, i512 %p0_addr, i32 %numInputs_read" [/mnt/HLSNAS/02.IZunsR/course-lab_A/Vitis-Tutorials/Hardware_Acceleration/Design_Tutorials/07-host-code-opt/reference-files/src/pass.cpp:13]   --->   Operation 114 'readreq' 'empty' <Predicate = true> <Delay = 2.43> <CoreInst = "m_axi">   --->   Core 121 'm_axi' <Latency = 0> <II = 1> <Delay = 1.00> <Adapter> <Opcode : 'read' 'write' 'readreq' 'writereq' 'writeresp'>

State 32 <SV = 31> <Delay = 2.43>
ST_32 : Operation 115 [40/70] (2.43ns)   --->   "%empty = readreq i1 @_ssdm_op_ReadReq.m_axi.p1i512, i512 %p0_addr, i32 %numInputs_read" [/mnt/HLSNAS/02.IZunsR/course-lab_A/Vitis-Tutorials/Hardware_Acceleration/Design_Tutorials/07-host-code-opt/reference-files/src/pass.cpp:13]   --->   Operation 115 'readreq' 'empty' <Predicate = true> <Delay = 2.43> <CoreInst = "m_axi">   --->   Core 121 'm_axi' <Latency = 0> <II = 1> <Delay = 1.00> <Adapter> <Opcode : 'read' 'write' 'readreq' 'writereq' 'writeresp'>

State 33 <SV = 32> <Delay = 2.43>
ST_33 : Operation 116 [39/70] (2.43ns)   --->   "%empty = readreq i1 @_ssdm_op_ReadReq.m_axi.p1i512, i512 %p0_addr, i32 %numInputs_read" [/mnt/HLSNAS/02.IZunsR/course-lab_A/Vitis-Tutorials/Hardware_Acceleration/Design_Tutorials/07-host-code-opt/reference-files/src/pass.cpp:13]   --->   Operation 116 'readreq' 'empty' <Predicate = true> <Delay = 2.43> <CoreInst = "m_axi">   --->   Core 121 'm_axi' <Latency = 0> <II = 1> <Delay = 1.00> <Adapter> <Opcode : 'read' 'write' 'readreq' 'writereq' 'writeresp'>

State 34 <SV = 33> <Delay = 2.43>
ST_34 : Operation 117 [38/70] (2.43ns)   --->   "%empty = readreq i1 @_ssdm_op_ReadReq.m_axi.p1i512, i512 %p0_addr, i32 %numInputs_read" [/mnt/HLSNAS/02.IZunsR/course-lab_A/Vitis-Tutorials/Hardware_Acceleration/Design_Tutorials/07-host-code-opt/reference-files/src/pass.cpp:13]   --->   Operation 117 'readreq' 'empty' <Predicate = true> <Delay = 2.43> <CoreInst = "m_axi">   --->   Core 121 'm_axi' <Latency = 0> <II = 1> <Delay = 1.00> <Adapter> <Opcode : 'read' 'write' 'readreq' 'writereq' 'writeresp'>

State 35 <SV = 34> <Delay = 2.43>
ST_35 : Operation 118 [37/70] (2.43ns)   --->   "%empty = readreq i1 @_ssdm_op_ReadReq.m_axi.p1i512, i512 %p0_addr, i32 %numInputs_read" [/mnt/HLSNAS/02.IZunsR/course-lab_A/Vitis-Tutorials/Hardware_Acceleration/Design_Tutorials/07-host-code-opt/reference-files/src/pass.cpp:13]   --->   Operation 118 'readreq' 'empty' <Predicate = true> <Delay = 2.43> <CoreInst = "m_axi">   --->   Core 121 'm_axi' <Latency = 0> <II = 1> <Delay = 1.00> <Adapter> <Opcode : 'read' 'write' 'readreq' 'writereq' 'writeresp'>

State 36 <SV = 35> <Delay = 2.43>
ST_36 : Operation 119 [36/70] (2.43ns)   --->   "%empty = readreq i1 @_ssdm_op_ReadReq.m_axi.p1i512, i512 %p0_addr, i32 %numInputs_read" [/mnt/HLSNAS/02.IZunsR/course-lab_A/Vitis-Tutorials/Hardware_Acceleration/Design_Tutorials/07-host-code-opt/reference-files/src/pass.cpp:13]   --->   Operation 119 'readreq' 'empty' <Predicate = true> <Delay = 2.43> <CoreInst = "m_axi">   --->   Core 121 'm_axi' <Latency = 0> <II = 1> <Delay = 1.00> <Adapter> <Opcode : 'read' 'write' 'readreq' 'writereq' 'writeresp'>

State 37 <SV = 36> <Delay = 2.43>
ST_37 : Operation 120 [35/70] (2.43ns)   --->   "%empty = readreq i1 @_ssdm_op_ReadReq.m_axi.p1i512, i512 %p0_addr, i32 %numInputs_read" [/mnt/HLSNAS/02.IZunsR/course-lab_A/Vitis-Tutorials/Hardware_Acceleration/Design_Tutorials/07-host-code-opt/reference-files/src/pass.cpp:13]   --->   Operation 120 'readreq' 'empty' <Predicate = true> <Delay = 2.43> <CoreInst = "m_axi">   --->   Core 121 'm_axi' <Latency = 0> <II = 1> <Delay = 1.00> <Adapter> <Opcode : 'read' 'write' 'readreq' 'writereq' 'writeresp'>

State 38 <SV = 37> <Delay = 2.43>
ST_38 : Operation 121 [34/70] (2.43ns)   --->   "%empty = readreq i1 @_ssdm_op_ReadReq.m_axi.p1i512, i512 %p0_addr, i32 %numInputs_read" [/mnt/HLSNAS/02.IZunsR/course-lab_A/Vitis-Tutorials/Hardware_Acceleration/Design_Tutorials/07-host-code-opt/reference-files/src/pass.cpp:13]   --->   Operation 121 'readreq' 'empty' <Predicate = true> <Delay = 2.43> <CoreInst = "m_axi">   --->   Core 121 'm_axi' <Latency = 0> <II = 1> <Delay = 1.00> <Adapter> <Opcode : 'read' 'write' 'readreq' 'writereq' 'writeresp'>

State 39 <SV = 38> <Delay = 2.43>
ST_39 : Operation 122 [33/70] (2.43ns)   --->   "%empty = readreq i1 @_ssdm_op_ReadReq.m_axi.p1i512, i512 %p0_addr, i32 %numInputs_read" [/mnt/HLSNAS/02.IZunsR/course-lab_A/Vitis-Tutorials/Hardware_Acceleration/Design_Tutorials/07-host-code-opt/reference-files/src/pass.cpp:13]   --->   Operation 122 'readreq' 'empty' <Predicate = true> <Delay = 2.43> <CoreInst = "m_axi">   --->   Core 121 'm_axi' <Latency = 0> <II = 1> <Delay = 1.00> <Adapter> <Opcode : 'read' 'write' 'readreq' 'writereq' 'writeresp'>

State 40 <SV = 39> <Delay = 2.43>
ST_40 : Operation 123 [32/70] (2.43ns)   --->   "%empty = readreq i1 @_ssdm_op_ReadReq.m_axi.p1i512, i512 %p0_addr, i32 %numInputs_read" [/mnt/HLSNAS/02.IZunsR/course-lab_A/Vitis-Tutorials/Hardware_Acceleration/Design_Tutorials/07-host-code-opt/reference-files/src/pass.cpp:13]   --->   Operation 123 'readreq' 'empty' <Predicate = true> <Delay = 2.43> <CoreInst = "m_axi">   --->   Core 121 'm_axi' <Latency = 0> <II = 1> <Delay = 1.00> <Adapter> <Opcode : 'read' 'write' 'readreq' 'writereq' 'writeresp'>

State 41 <SV = 40> <Delay = 2.43>
ST_41 : Operation 124 [31/70] (2.43ns)   --->   "%empty = readreq i1 @_ssdm_op_ReadReq.m_axi.p1i512, i512 %p0_addr, i32 %numInputs_read" [/mnt/HLSNAS/02.IZunsR/course-lab_A/Vitis-Tutorials/Hardware_Acceleration/Design_Tutorials/07-host-code-opt/reference-files/src/pass.cpp:13]   --->   Operation 124 'readreq' 'empty' <Predicate = true> <Delay = 2.43> <CoreInst = "m_axi">   --->   Core 121 'm_axi' <Latency = 0> <II = 1> <Delay = 1.00> <Adapter> <Opcode : 'read' 'write' 'readreq' 'writereq' 'writeresp'>

State 42 <SV = 41> <Delay = 2.43>
ST_42 : Operation 125 [30/70] (2.43ns)   --->   "%empty = readreq i1 @_ssdm_op_ReadReq.m_axi.p1i512, i512 %p0_addr, i32 %numInputs_read" [/mnt/HLSNAS/02.IZunsR/course-lab_A/Vitis-Tutorials/Hardware_Acceleration/Design_Tutorials/07-host-code-opt/reference-files/src/pass.cpp:13]   --->   Operation 125 'readreq' 'empty' <Predicate = true> <Delay = 2.43> <CoreInst = "m_axi">   --->   Core 121 'm_axi' <Latency = 0> <II = 1> <Delay = 1.00> <Adapter> <Opcode : 'read' 'write' 'readreq' 'writereq' 'writeresp'>

State 43 <SV = 42> <Delay = 2.43>
ST_43 : Operation 126 [29/70] (2.43ns)   --->   "%empty = readreq i1 @_ssdm_op_ReadReq.m_axi.p1i512, i512 %p0_addr, i32 %numInputs_read" [/mnt/HLSNAS/02.IZunsR/course-lab_A/Vitis-Tutorials/Hardware_Acceleration/Design_Tutorials/07-host-code-opt/reference-files/src/pass.cpp:13]   --->   Operation 126 'readreq' 'empty' <Predicate = true> <Delay = 2.43> <CoreInst = "m_axi">   --->   Core 121 'm_axi' <Latency = 0> <II = 1> <Delay = 1.00> <Adapter> <Opcode : 'read' 'write' 'readreq' 'writereq' 'writeresp'>

State 44 <SV = 43> <Delay = 2.43>
ST_44 : Operation 127 [28/70] (2.43ns)   --->   "%empty = readreq i1 @_ssdm_op_ReadReq.m_axi.p1i512, i512 %p0_addr, i32 %numInputs_read" [/mnt/HLSNAS/02.IZunsR/course-lab_A/Vitis-Tutorials/Hardware_Acceleration/Design_Tutorials/07-host-code-opt/reference-files/src/pass.cpp:13]   --->   Operation 127 'readreq' 'empty' <Predicate = true> <Delay = 2.43> <CoreInst = "m_axi">   --->   Core 121 'm_axi' <Latency = 0> <II = 1> <Delay = 1.00> <Adapter> <Opcode : 'read' 'write' 'readreq' 'writereq' 'writeresp'>

State 45 <SV = 44> <Delay = 2.43>
ST_45 : Operation 128 [27/70] (2.43ns)   --->   "%empty = readreq i1 @_ssdm_op_ReadReq.m_axi.p1i512, i512 %p0_addr, i32 %numInputs_read" [/mnt/HLSNAS/02.IZunsR/course-lab_A/Vitis-Tutorials/Hardware_Acceleration/Design_Tutorials/07-host-code-opt/reference-files/src/pass.cpp:13]   --->   Operation 128 'readreq' 'empty' <Predicate = true> <Delay = 2.43> <CoreInst = "m_axi">   --->   Core 121 'm_axi' <Latency = 0> <II = 1> <Delay = 1.00> <Adapter> <Opcode : 'read' 'write' 'readreq' 'writereq' 'writeresp'>

State 46 <SV = 45> <Delay = 2.43>
ST_46 : Operation 129 [26/70] (2.43ns)   --->   "%empty = readreq i1 @_ssdm_op_ReadReq.m_axi.p1i512, i512 %p0_addr, i32 %numInputs_read" [/mnt/HLSNAS/02.IZunsR/course-lab_A/Vitis-Tutorials/Hardware_Acceleration/Design_Tutorials/07-host-code-opt/reference-files/src/pass.cpp:13]   --->   Operation 129 'readreq' 'empty' <Predicate = true> <Delay = 2.43> <CoreInst = "m_axi">   --->   Core 121 'm_axi' <Latency = 0> <II = 1> <Delay = 1.00> <Adapter> <Opcode : 'read' 'write' 'readreq' 'writereq' 'writeresp'>

State 47 <SV = 46> <Delay = 2.43>
ST_47 : Operation 130 [25/70] (2.43ns)   --->   "%empty = readreq i1 @_ssdm_op_ReadReq.m_axi.p1i512, i512 %p0_addr, i32 %numInputs_read" [/mnt/HLSNAS/02.IZunsR/course-lab_A/Vitis-Tutorials/Hardware_Acceleration/Design_Tutorials/07-host-code-opt/reference-files/src/pass.cpp:13]   --->   Operation 130 'readreq' 'empty' <Predicate = true> <Delay = 2.43> <CoreInst = "m_axi">   --->   Core 121 'm_axi' <Latency = 0> <II = 1> <Delay = 1.00> <Adapter> <Opcode : 'read' 'write' 'readreq' 'writereq' 'writeresp'>

State 48 <SV = 47> <Delay = 2.43>
ST_48 : Operation 131 [24/70] (2.43ns)   --->   "%empty = readreq i1 @_ssdm_op_ReadReq.m_axi.p1i512, i512 %p0_addr, i32 %numInputs_read" [/mnt/HLSNAS/02.IZunsR/course-lab_A/Vitis-Tutorials/Hardware_Acceleration/Design_Tutorials/07-host-code-opt/reference-files/src/pass.cpp:13]   --->   Operation 131 'readreq' 'empty' <Predicate = true> <Delay = 2.43> <CoreInst = "m_axi">   --->   Core 121 'm_axi' <Latency = 0> <II = 1> <Delay = 1.00> <Adapter> <Opcode : 'read' 'write' 'readreq' 'writereq' 'writeresp'>

State 49 <SV = 48> <Delay = 2.43>
ST_49 : Operation 132 [23/70] (2.43ns)   --->   "%empty = readreq i1 @_ssdm_op_ReadReq.m_axi.p1i512, i512 %p0_addr, i32 %numInputs_read" [/mnt/HLSNAS/02.IZunsR/course-lab_A/Vitis-Tutorials/Hardware_Acceleration/Design_Tutorials/07-host-code-opt/reference-files/src/pass.cpp:13]   --->   Operation 132 'readreq' 'empty' <Predicate = true> <Delay = 2.43> <CoreInst = "m_axi">   --->   Core 121 'm_axi' <Latency = 0> <II = 1> <Delay = 1.00> <Adapter> <Opcode : 'read' 'write' 'readreq' 'writereq' 'writeresp'>

State 50 <SV = 49> <Delay = 2.43>
ST_50 : Operation 133 [22/70] (2.43ns)   --->   "%empty = readreq i1 @_ssdm_op_ReadReq.m_axi.p1i512, i512 %p0_addr, i32 %numInputs_read" [/mnt/HLSNAS/02.IZunsR/course-lab_A/Vitis-Tutorials/Hardware_Acceleration/Design_Tutorials/07-host-code-opt/reference-files/src/pass.cpp:13]   --->   Operation 133 'readreq' 'empty' <Predicate = true> <Delay = 2.43> <CoreInst = "m_axi">   --->   Core 121 'm_axi' <Latency = 0> <II = 1> <Delay = 1.00> <Adapter> <Opcode : 'read' 'write' 'readreq' 'writereq' 'writeresp'>

State 51 <SV = 50> <Delay = 2.43>
ST_51 : Operation 134 [21/70] (2.43ns)   --->   "%empty = readreq i1 @_ssdm_op_ReadReq.m_axi.p1i512, i512 %p0_addr, i32 %numInputs_read" [/mnt/HLSNAS/02.IZunsR/course-lab_A/Vitis-Tutorials/Hardware_Acceleration/Design_Tutorials/07-host-code-opt/reference-files/src/pass.cpp:13]   --->   Operation 134 'readreq' 'empty' <Predicate = true> <Delay = 2.43> <CoreInst = "m_axi">   --->   Core 121 'm_axi' <Latency = 0> <II = 1> <Delay = 1.00> <Adapter> <Opcode : 'read' 'write' 'readreq' 'writereq' 'writeresp'>

State 52 <SV = 51> <Delay = 2.43>
ST_52 : Operation 135 [20/70] (2.43ns)   --->   "%empty = readreq i1 @_ssdm_op_ReadReq.m_axi.p1i512, i512 %p0_addr, i32 %numInputs_read" [/mnt/HLSNAS/02.IZunsR/course-lab_A/Vitis-Tutorials/Hardware_Acceleration/Design_Tutorials/07-host-code-opt/reference-files/src/pass.cpp:13]   --->   Operation 135 'readreq' 'empty' <Predicate = true> <Delay = 2.43> <CoreInst = "m_axi">   --->   Core 121 'm_axi' <Latency = 0> <II = 1> <Delay = 1.00> <Adapter> <Opcode : 'read' 'write' 'readreq' 'writereq' 'writeresp'>

State 53 <SV = 52> <Delay = 2.43>
ST_53 : Operation 136 [19/70] (2.43ns)   --->   "%empty = readreq i1 @_ssdm_op_ReadReq.m_axi.p1i512, i512 %p0_addr, i32 %numInputs_read" [/mnt/HLSNAS/02.IZunsR/course-lab_A/Vitis-Tutorials/Hardware_Acceleration/Design_Tutorials/07-host-code-opt/reference-files/src/pass.cpp:13]   --->   Operation 136 'readreq' 'empty' <Predicate = true> <Delay = 2.43> <CoreInst = "m_axi">   --->   Core 121 'm_axi' <Latency = 0> <II = 1> <Delay = 1.00> <Adapter> <Opcode : 'read' 'write' 'readreq' 'writereq' 'writeresp'>

State 54 <SV = 53> <Delay = 2.43>
ST_54 : Operation 137 [18/70] (2.43ns)   --->   "%empty = readreq i1 @_ssdm_op_ReadReq.m_axi.p1i512, i512 %p0_addr, i32 %numInputs_read" [/mnt/HLSNAS/02.IZunsR/course-lab_A/Vitis-Tutorials/Hardware_Acceleration/Design_Tutorials/07-host-code-opt/reference-files/src/pass.cpp:13]   --->   Operation 137 'readreq' 'empty' <Predicate = true> <Delay = 2.43> <CoreInst = "m_axi">   --->   Core 121 'm_axi' <Latency = 0> <II = 1> <Delay = 1.00> <Adapter> <Opcode : 'read' 'write' 'readreq' 'writereq' 'writeresp'>

State 55 <SV = 54> <Delay = 2.43>
ST_55 : Operation 138 [17/70] (2.43ns)   --->   "%empty = readreq i1 @_ssdm_op_ReadReq.m_axi.p1i512, i512 %p0_addr, i32 %numInputs_read" [/mnt/HLSNAS/02.IZunsR/course-lab_A/Vitis-Tutorials/Hardware_Acceleration/Design_Tutorials/07-host-code-opt/reference-files/src/pass.cpp:13]   --->   Operation 138 'readreq' 'empty' <Predicate = true> <Delay = 2.43> <CoreInst = "m_axi">   --->   Core 121 'm_axi' <Latency = 0> <II = 1> <Delay = 1.00> <Adapter> <Opcode : 'read' 'write' 'readreq' 'writereq' 'writeresp'>

State 56 <SV = 55> <Delay = 2.43>
ST_56 : Operation 139 [16/70] (2.43ns)   --->   "%empty = readreq i1 @_ssdm_op_ReadReq.m_axi.p1i512, i512 %p0_addr, i32 %numInputs_read" [/mnt/HLSNAS/02.IZunsR/course-lab_A/Vitis-Tutorials/Hardware_Acceleration/Design_Tutorials/07-host-code-opt/reference-files/src/pass.cpp:13]   --->   Operation 139 'readreq' 'empty' <Predicate = true> <Delay = 2.43> <CoreInst = "m_axi">   --->   Core 121 'm_axi' <Latency = 0> <II = 1> <Delay = 1.00> <Adapter> <Opcode : 'read' 'write' 'readreq' 'writereq' 'writeresp'>

State 57 <SV = 56> <Delay = 2.43>
ST_57 : Operation 140 [15/70] (2.43ns)   --->   "%empty = readreq i1 @_ssdm_op_ReadReq.m_axi.p1i512, i512 %p0_addr, i32 %numInputs_read" [/mnt/HLSNAS/02.IZunsR/course-lab_A/Vitis-Tutorials/Hardware_Acceleration/Design_Tutorials/07-host-code-opt/reference-files/src/pass.cpp:13]   --->   Operation 140 'readreq' 'empty' <Predicate = true> <Delay = 2.43> <CoreInst = "m_axi">   --->   Core 121 'm_axi' <Latency = 0> <II = 1> <Delay = 1.00> <Adapter> <Opcode : 'read' 'write' 'readreq' 'writereq' 'writeresp'>

State 58 <SV = 57> <Delay = 2.43>
ST_58 : Operation 141 [14/70] (2.43ns)   --->   "%empty = readreq i1 @_ssdm_op_ReadReq.m_axi.p1i512, i512 %p0_addr, i32 %numInputs_read" [/mnt/HLSNAS/02.IZunsR/course-lab_A/Vitis-Tutorials/Hardware_Acceleration/Design_Tutorials/07-host-code-opt/reference-files/src/pass.cpp:13]   --->   Operation 141 'readreq' 'empty' <Predicate = true> <Delay = 2.43> <CoreInst = "m_axi">   --->   Core 121 'm_axi' <Latency = 0> <II = 1> <Delay = 1.00> <Adapter> <Opcode : 'read' 'write' 'readreq' 'writereq' 'writeresp'>

State 59 <SV = 58> <Delay = 2.43>
ST_59 : Operation 142 [13/70] (2.43ns)   --->   "%empty = readreq i1 @_ssdm_op_ReadReq.m_axi.p1i512, i512 %p0_addr, i32 %numInputs_read" [/mnt/HLSNAS/02.IZunsR/course-lab_A/Vitis-Tutorials/Hardware_Acceleration/Design_Tutorials/07-host-code-opt/reference-files/src/pass.cpp:13]   --->   Operation 142 'readreq' 'empty' <Predicate = true> <Delay = 2.43> <CoreInst = "m_axi">   --->   Core 121 'm_axi' <Latency = 0> <II = 1> <Delay = 1.00> <Adapter> <Opcode : 'read' 'write' 'readreq' 'writereq' 'writeresp'>

State 60 <SV = 59> <Delay = 2.43>
ST_60 : Operation 143 [12/70] (2.43ns)   --->   "%empty = readreq i1 @_ssdm_op_ReadReq.m_axi.p1i512, i512 %p0_addr, i32 %numInputs_read" [/mnt/HLSNAS/02.IZunsR/course-lab_A/Vitis-Tutorials/Hardware_Acceleration/Design_Tutorials/07-host-code-opt/reference-files/src/pass.cpp:13]   --->   Operation 143 'readreq' 'empty' <Predicate = true> <Delay = 2.43> <CoreInst = "m_axi">   --->   Core 121 'm_axi' <Latency = 0> <II = 1> <Delay = 1.00> <Adapter> <Opcode : 'read' 'write' 'readreq' 'writereq' 'writeresp'>

State 61 <SV = 60> <Delay = 2.43>
ST_61 : Operation 144 [11/70] (2.43ns)   --->   "%empty = readreq i1 @_ssdm_op_ReadReq.m_axi.p1i512, i512 %p0_addr, i32 %numInputs_read" [/mnt/HLSNAS/02.IZunsR/course-lab_A/Vitis-Tutorials/Hardware_Acceleration/Design_Tutorials/07-host-code-opt/reference-files/src/pass.cpp:13]   --->   Operation 144 'readreq' 'empty' <Predicate = true> <Delay = 2.43> <CoreInst = "m_axi">   --->   Core 121 'm_axi' <Latency = 0> <II = 1> <Delay = 1.00> <Adapter> <Opcode : 'read' 'write' 'readreq' 'writereq' 'writeresp'>

State 62 <SV = 61> <Delay = 2.43>
ST_62 : Operation 145 [10/70] (2.43ns)   --->   "%empty = readreq i1 @_ssdm_op_ReadReq.m_axi.p1i512, i512 %p0_addr, i32 %numInputs_read" [/mnt/HLSNAS/02.IZunsR/course-lab_A/Vitis-Tutorials/Hardware_Acceleration/Design_Tutorials/07-host-code-opt/reference-files/src/pass.cpp:13]   --->   Operation 145 'readreq' 'empty' <Predicate = true> <Delay = 2.43> <CoreInst = "m_axi">   --->   Core 121 'm_axi' <Latency = 0> <II = 1> <Delay = 1.00> <Adapter> <Opcode : 'read' 'write' 'readreq' 'writereq' 'writeresp'>

State 63 <SV = 62> <Delay = 2.43>
ST_63 : Operation 146 [9/70] (2.43ns)   --->   "%empty = readreq i1 @_ssdm_op_ReadReq.m_axi.p1i512, i512 %p0_addr, i32 %numInputs_read" [/mnt/HLSNAS/02.IZunsR/course-lab_A/Vitis-Tutorials/Hardware_Acceleration/Design_Tutorials/07-host-code-opt/reference-files/src/pass.cpp:13]   --->   Operation 146 'readreq' 'empty' <Predicate = true> <Delay = 2.43> <CoreInst = "m_axi">   --->   Core 121 'm_axi' <Latency = 0> <II = 1> <Delay = 1.00> <Adapter> <Opcode : 'read' 'write' 'readreq' 'writereq' 'writeresp'>

State 64 <SV = 63> <Delay = 2.43>
ST_64 : Operation 147 [8/70] (2.43ns)   --->   "%empty = readreq i1 @_ssdm_op_ReadReq.m_axi.p1i512, i512 %p0_addr, i32 %numInputs_read" [/mnt/HLSNAS/02.IZunsR/course-lab_A/Vitis-Tutorials/Hardware_Acceleration/Design_Tutorials/07-host-code-opt/reference-files/src/pass.cpp:13]   --->   Operation 147 'readreq' 'empty' <Predicate = true> <Delay = 2.43> <CoreInst = "m_axi">   --->   Core 121 'm_axi' <Latency = 0> <II = 1> <Delay = 1.00> <Adapter> <Opcode : 'read' 'write' 'readreq' 'writereq' 'writeresp'>

State 65 <SV = 64> <Delay = 2.43>
ST_65 : Operation 148 [7/70] (2.43ns)   --->   "%empty = readreq i1 @_ssdm_op_ReadReq.m_axi.p1i512, i512 %p0_addr, i32 %numInputs_read" [/mnt/HLSNAS/02.IZunsR/course-lab_A/Vitis-Tutorials/Hardware_Acceleration/Design_Tutorials/07-host-code-opt/reference-files/src/pass.cpp:13]   --->   Operation 148 'readreq' 'empty' <Predicate = true> <Delay = 2.43> <CoreInst = "m_axi">   --->   Core 121 'm_axi' <Latency = 0> <II = 1> <Delay = 1.00> <Adapter> <Opcode : 'read' 'write' 'readreq' 'writereq' 'writeresp'>

State 66 <SV = 65> <Delay = 2.43>
ST_66 : Operation 149 [6/70] (2.43ns)   --->   "%empty = readreq i1 @_ssdm_op_ReadReq.m_axi.p1i512, i512 %p0_addr, i32 %numInputs_read" [/mnt/HLSNAS/02.IZunsR/course-lab_A/Vitis-Tutorials/Hardware_Acceleration/Design_Tutorials/07-host-code-opt/reference-files/src/pass.cpp:13]   --->   Operation 149 'readreq' 'empty' <Predicate = true> <Delay = 2.43> <CoreInst = "m_axi">   --->   Core 121 'm_axi' <Latency = 0> <II = 1> <Delay = 1.00> <Adapter> <Opcode : 'read' 'write' 'readreq' 'writereq' 'writeresp'>

State 67 <SV = 66> <Delay = 2.43>
ST_67 : Operation 150 [5/70] (2.43ns)   --->   "%empty = readreq i1 @_ssdm_op_ReadReq.m_axi.p1i512, i512 %p0_addr, i32 %numInputs_read" [/mnt/HLSNAS/02.IZunsR/course-lab_A/Vitis-Tutorials/Hardware_Acceleration/Design_Tutorials/07-host-code-opt/reference-files/src/pass.cpp:13]   --->   Operation 150 'readreq' 'empty' <Predicate = true> <Delay = 2.43> <CoreInst = "m_axi">   --->   Core 121 'm_axi' <Latency = 0> <II = 1> <Delay = 1.00> <Adapter> <Opcode : 'read' 'write' 'readreq' 'writereq' 'writeresp'>

State 68 <SV = 67> <Delay = 2.43>
ST_68 : Operation 151 [4/70] (2.43ns)   --->   "%empty = readreq i1 @_ssdm_op_ReadReq.m_axi.p1i512, i512 %p0_addr, i32 %numInputs_read" [/mnt/HLSNAS/02.IZunsR/course-lab_A/Vitis-Tutorials/Hardware_Acceleration/Design_Tutorials/07-host-code-opt/reference-files/src/pass.cpp:13]   --->   Operation 151 'readreq' 'empty' <Predicate = true> <Delay = 2.43> <CoreInst = "m_axi">   --->   Core 121 'm_axi' <Latency = 0> <II = 1> <Delay = 1.00> <Adapter> <Opcode : 'read' 'write' 'readreq' 'writereq' 'writeresp'>

State 69 <SV = 68> <Delay = 2.43>
ST_69 : Operation 152 [3/70] (2.43ns)   --->   "%empty = readreq i1 @_ssdm_op_ReadReq.m_axi.p1i512, i512 %p0_addr, i32 %numInputs_read" [/mnt/HLSNAS/02.IZunsR/course-lab_A/Vitis-Tutorials/Hardware_Acceleration/Design_Tutorials/07-host-code-opt/reference-files/src/pass.cpp:13]   --->   Operation 152 'readreq' 'empty' <Predicate = true> <Delay = 2.43> <CoreInst = "m_axi">   --->   Core 121 'm_axi' <Latency = 0> <II = 1> <Delay = 1.00> <Adapter> <Opcode : 'read' 'write' 'readreq' 'writereq' 'writeresp'>

State 70 <SV = 69> <Delay = 2.43>
ST_70 : Operation 153 [2/70] (2.43ns)   --->   "%empty = readreq i1 @_ssdm_op_ReadReq.m_axi.p1i512, i512 %p0_addr, i32 %numInputs_read" [/mnt/HLSNAS/02.IZunsR/course-lab_A/Vitis-Tutorials/Hardware_Acceleration/Design_Tutorials/07-host-code-opt/reference-files/src/pass.cpp:13]   --->   Operation 153 'readreq' 'empty' <Predicate = true> <Delay = 2.43> <CoreInst = "m_axi">   --->   Core 121 'm_axi' <Latency = 0> <II = 1> <Delay = 1.00> <Adapter> <Opcode : 'read' 'write' 'readreq' 'writereq' 'writeresp'>

State 71 <SV = 70> <Delay = 2.43>
ST_71 : Operation 154 [1/70] (2.43ns)   --->   "%empty = readreq i1 @_ssdm_op_ReadReq.m_axi.p1i512, i512 %p0_addr, i32 %numInputs_read" [/mnt/HLSNAS/02.IZunsR/course-lab_A/Vitis-Tutorials/Hardware_Acceleration/Design_Tutorials/07-host-code-opt/reference-files/src/pass.cpp:13]   --->   Operation 154 'readreq' 'empty' <Predicate = true> <Delay = 2.43> <CoreInst = "m_axi">   --->   Core 121 'm_axi' <Latency = 0> <II = 1> <Delay = 1.00> <Adapter> <Opcode : 'read' 'write' 'readreq' 'writereq' 'writeresp'>

State 72 <SV = 71> <Delay = 1.24>
ST_72 : Operation 155 [1/1] (0.00ns)   --->   "%empty_29 = wait i32 @_ssdm_op_Wait"   --->   Operation 155 'wait' 'empty_29' <Predicate = true> <Delay = 0.00>
ST_72 : Operation 156 [2/2] (1.24ns)   --->   "%call_ln13 = call void @read_Pipeline_VITIS_LOOP_13_1, i512 %p0, i58 %trunc_ln, i32 %numInputs_read, i512 %inStream2" [/mnt/HLSNAS/02.IZunsR/course-lab_A/Vitis-Tutorials/Hardware_Acceleration/Design_Tutorials/07-host-code-opt/reference-files/src/pass.cpp:13]   --->   Operation 156 'call' 'call_ln13' <Predicate = true> <Delay = 1.24> <CoreType = "Generic">   --->   Core 0 '' <Latency = 0> <II = 1> <Delay = 1.00> <Generic> <Opcode : >

State 73 <SV = 72> <Delay = 0.00>
ST_73 : Operation 157 [1/2] (0.00ns)   --->   "%call_ln13 = call void @read_Pipeline_VITIS_LOOP_13_1, i512 %p0, i58 %trunc_ln, i32 %numInputs_read, i512 %inStream2" [/mnt/HLSNAS/02.IZunsR/course-lab_A/Vitis-Tutorials/Hardware_Acceleration/Design_Tutorials/07-host-code-opt/reference-files/src/pass.cpp:13]   --->   Operation 157 'call' 'call_ln13' <Predicate = (!icmp_ln13)> <Delay = 0.00> <CoreType = "Generic">   --->   Core 0 '' <Latency = 0> <II = 1> <Delay = 1.00> <Generic> <Opcode : >
ST_73 : Operation 158 [1/1] (0.00ns)   --->   "%br_ln0 = br void %for.end"   --->   Operation 158 'br' 'br_ln0' <Predicate = (!icmp_ln13)> <Delay = 0.00>
ST_73 : Operation 159 [1/1] (0.00ns)   --->   "%ret_ln17 = ret" [/mnt/HLSNAS/02.IZunsR/course-lab_A/Vitis-Tutorials/Hardware_Acceleration/Design_Tutorials/07-host-code-opt/reference-files/src/pass.cpp:17]   --->   Operation 159 'ret' 'ret_ln17' <Predicate = true> <Delay = 0.00>


============================================================
+ Verbose Summary: Timing violations
============================================================
Target clock period: 3.33ns, clock uncertainty: 0.9ns.

 <State 1>: 1.22ns
The critical path consists of the following:
	wire read operation ('numInputs_read') on port 'numInputs' [7]  (0 ns)
	fifo write operation ('write_ln0') on port 'numInputs_c9' [9]  (1.22 ns)

 <State 2>: 2.43ns
The critical path consists of the following:
	wire read operation ('input_read') on port 'input_r' [8]  (0 ns)
	'getelementptr' operation ('p0_addr', /mnt/HLSNAS/02.IZunsR/course-lab_A/Vitis-Tutorials/Hardware_Acceleration/Design_Tutorials/07-host-code-opt/reference-files/src/pass.cpp:13) [17]  (0 ns)
	bus request operation ('empty', /mnt/HLSNAS/02.IZunsR/course-lab_A/Vitis-Tutorials/Hardware_Acceleration/Design_Tutorials/07-host-code-opt/reference-files/src/pass.cpp:13) on port 'p0' (/mnt/HLSNAS/02.IZunsR/course-lab_A/Vitis-Tutorials/Hardware_Acceleration/Design_Tutorials/07-host-code-opt/reference-files/src/pass.cpp:13) [18]  (2.43 ns)

 <State 3>: 2.43ns
The critical path consists of the following:
	bus request operation ('empty', /mnt/HLSNAS/02.IZunsR/course-lab_A/Vitis-Tutorials/Hardware_Acceleration/Design_Tutorials/07-host-code-opt/reference-files/src/pass.cpp:13) on port 'p0' (/mnt/HLSNAS/02.IZunsR/course-lab_A/Vitis-Tutorials/Hardware_Acceleration/Design_Tutorials/07-host-code-opt/reference-files/src/pass.cpp:13) [18]  (2.43 ns)

 <State 4>: 2.43ns
The critical path consists of the following:
	bus request operation ('empty', /mnt/HLSNAS/02.IZunsR/course-lab_A/Vitis-Tutorials/Hardware_Acceleration/Design_Tutorials/07-host-code-opt/reference-files/src/pass.cpp:13) on port 'p0' (/mnt/HLSNAS/02.IZunsR/course-lab_A/Vitis-Tutorials/Hardware_Acceleration/Design_Tutorials/07-host-code-opt/reference-files/src/pass.cpp:13) [18]  (2.43 ns)

 <State 5>: 2.43ns
The critical path consists of the following:
	bus request operation ('empty', /mnt/HLSNAS/02.IZunsR/course-lab_A/Vitis-Tutorials/Hardware_Acceleration/Design_Tutorials/07-host-code-opt/reference-files/src/pass.cpp:13) on port 'p0' (/mnt/HLSNAS/02.IZunsR/course-lab_A/Vitis-Tutorials/Hardware_Acceleration/Design_Tutorials/07-host-code-opt/reference-files/src/pass.cpp:13) [18]  (2.43 ns)

 <State 6>: 2.43ns
The critical path consists of the following:
	bus request operation ('empty', /mnt/HLSNAS/02.IZunsR/course-lab_A/Vitis-Tutorials/Hardware_Acceleration/Design_Tutorials/07-host-code-opt/reference-files/src/pass.cpp:13) on port 'p0' (/mnt/HLSNAS/02.IZunsR/course-lab_A/Vitis-Tutorials/Hardware_Acceleration/Design_Tutorials/07-host-code-opt/reference-files/src/pass.cpp:13) [18]  (2.43 ns)

 <State 7>: 2.43ns
The critical path consists of the following:
	bus request operation ('empty', /mnt/HLSNAS/02.IZunsR/course-lab_A/Vitis-Tutorials/Hardware_Acceleration/Design_Tutorials/07-host-code-opt/reference-files/src/pass.cpp:13) on port 'p0' (/mnt/HLSNAS/02.IZunsR/course-lab_A/Vitis-Tutorials/Hardware_Acceleration/Design_Tutorials/07-host-code-opt/reference-files/src/pass.cpp:13) [18]  (2.43 ns)

 <State 8>: 2.43ns
The critical path consists of the following:
	bus request operation ('empty', /mnt/HLSNAS/02.IZunsR/course-lab_A/Vitis-Tutorials/Hardware_Acceleration/Design_Tutorials/07-host-code-opt/reference-files/src/pass.cpp:13) on port 'p0' (/mnt/HLSNAS/02.IZunsR/course-lab_A/Vitis-Tutorials/Hardware_Acceleration/Design_Tutorials/07-host-code-opt/reference-files/src/pass.cpp:13) [18]  (2.43 ns)

 <State 9>: 2.43ns
The critical path consists of the following:
	bus request operation ('empty', /mnt/HLSNAS/02.IZunsR/course-lab_A/Vitis-Tutorials/Hardware_Acceleration/Design_Tutorials/07-host-code-opt/reference-files/src/pass.cpp:13) on port 'p0' (/mnt/HLSNAS/02.IZunsR/course-lab_A/Vitis-Tutorials/Hardware_Acceleration/Design_Tutorials/07-host-code-opt/reference-files/src/pass.cpp:13) [18]  (2.43 ns)

 <State 10>: 2.43ns
The critical path consists of the following:
	bus request operation ('empty', /mnt/HLSNAS/02.IZunsR/course-lab_A/Vitis-Tutorials/Hardware_Acceleration/Design_Tutorials/07-host-code-opt/reference-files/src/pass.cpp:13) on port 'p0' (/mnt/HLSNAS/02.IZunsR/course-lab_A/Vitis-Tutorials/Hardware_Acceleration/Design_Tutorials/07-host-code-opt/reference-files/src/pass.cpp:13) [18]  (2.43 ns)

 <State 11>: 2.43ns
The critical path consists of the following:
	bus request operation ('empty', /mnt/HLSNAS/02.IZunsR/course-lab_A/Vitis-Tutorials/Hardware_Acceleration/Design_Tutorials/07-host-code-opt/reference-files/src/pass.cpp:13) on port 'p0' (/mnt/HLSNAS/02.IZunsR/course-lab_A/Vitis-Tutorials/Hardware_Acceleration/Design_Tutorials/07-host-code-opt/reference-files/src/pass.cpp:13) [18]  (2.43 ns)

 <State 12>: 2.43ns
The critical path consists of the following:
	bus request operation ('empty', /mnt/HLSNAS/02.IZunsR/course-lab_A/Vitis-Tutorials/Hardware_Acceleration/Design_Tutorials/07-host-code-opt/reference-files/src/pass.cpp:13) on port 'p0' (/mnt/HLSNAS/02.IZunsR/course-lab_A/Vitis-Tutorials/Hardware_Acceleration/Design_Tutorials/07-host-code-opt/reference-files/src/pass.cpp:13) [18]  (2.43 ns)

 <State 13>: 2.43ns
The critical path consists of the following:
	bus request operation ('empty', /mnt/HLSNAS/02.IZunsR/course-lab_A/Vitis-Tutorials/Hardware_Acceleration/Design_Tutorials/07-host-code-opt/reference-files/src/pass.cpp:13) on port 'p0' (/mnt/HLSNAS/02.IZunsR/course-lab_A/Vitis-Tutorials/Hardware_Acceleration/Design_Tutorials/07-host-code-opt/reference-files/src/pass.cpp:13) [18]  (2.43 ns)

 <State 14>: 2.43ns
The critical path consists of the following:
	bus request operation ('empty', /mnt/HLSNAS/02.IZunsR/course-lab_A/Vitis-Tutorials/Hardware_Acceleration/Design_Tutorials/07-host-code-opt/reference-files/src/pass.cpp:13) on port 'p0' (/mnt/HLSNAS/02.IZunsR/course-lab_A/Vitis-Tutorials/Hardware_Acceleration/Design_Tutorials/07-host-code-opt/reference-files/src/pass.cpp:13) [18]  (2.43 ns)

 <State 15>: 2.43ns
The critical path consists of the following:
	bus request operation ('empty', /mnt/HLSNAS/02.IZunsR/course-lab_A/Vitis-Tutorials/Hardware_Acceleration/Design_Tutorials/07-host-code-opt/reference-files/src/pass.cpp:13) on port 'p0' (/mnt/HLSNAS/02.IZunsR/course-lab_A/Vitis-Tutorials/Hardware_Acceleration/Design_Tutorials/07-host-code-opt/reference-files/src/pass.cpp:13) [18]  (2.43 ns)

 <State 16>: 2.43ns
The critical path consists of the following:
	bus request operation ('empty', /mnt/HLSNAS/02.IZunsR/course-lab_A/Vitis-Tutorials/Hardware_Acceleration/Design_Tutorials/07-host-code-opt/reference-files/src/pass.cpp:13) on port 'p0' (/mnt/HLSNAS/02.IZunsR/course-lab_A/Vitis-Tutorials/Hardware_Acceleration/Design_Tutorials/07-host-code-opt/reference-files/src/pass.cpp:13) [18]  (2.43 ns)

 <State 17>: 2.43ns
The critical path consists of the following:
	bus request operation ('empty', /mnt/HLSNAS/02.IZunsR/course-lab_A/Vitis-Tutorials/Hardware_Acceleration/Design_Tutorials/07-host-code-opt/reference-files/src/pass.cpp:13) on port 'p0' (/mnt/HLSNAS/02.IZunsR/course-lab_A/Vitis-Tutorials/Hardware_Acceleration/Design_Tutorials/07-host-code-opt/reference-files/src/pass.cpp:13) [18]  (2.43 ns)

 <State 18>: 2.43ns
The critical path consists of the following:
	bus request operation ('empty', /mnt/HLSNAS/02.IZunsR/course-lab_A/Vitis-Tutorials/Hardware_Acceleration/Design_Tutorials/07-host-code-opt/reference-files/src/pass.cpp:13) on port 'p0' (/mnt/HLSNAS/02.IZunsR/course-lab_A/Vitis-Tutorials/Hardware_Acceleration/Design_Tutorials/07-host-code-opt/reference-files/src/pass.cpp:13) [18]  (2.43 ns)

 <State 19>: 2.43ns
The critical path consists of the following:
	bus request operation ('empty', /mnt/HLSNAS/02.IZunsR/course-lab_A/Vitis-Tutorials/Hardware_Acceleration/Design_Tutorials/07-host-code-opt/reference-files/src/pass.cpp:13) on port 'p0' (/mnt/HLSNAS/02.IZunsR/course-lab_A/Vitis-Tutorials/Hardware_Acceleration/Design_Tutorials/07-host-code-opt/reference-files/src/pass.cpp:13) [18]  (2.43 ns)

 <State 20>: 2.43ns
The critical path consists of the following:
	bus request operation ('empty', /mnt/HLSNAS/02.IZunsR/course-lab_A/Vitis-Tutorials/Hardware_Acceleration/Design_Tutorials/07-host-code-opt/reference-files/src/pass.cpp:13) on port 'p0' (/mnt/HLSNAS/02.IZunsR/course-lab_A/Vitis-Tutorials/Hardware_Acceleration/Design_Tutorials/07-host-code-opt/reference-files/src/pass.cpp:13) [18]  (2.43 ns)

 <State 21>: 2.43ns
The critical path consists of the following:
	bus request operation ('empty', /mnt/HLSNAS/02.IZunsR/course-lab_A/Vitis-Tutorials/Hardware_Acceleration/Design_Tutorials/07-host-code-opt/reference-files/src/pass.cpp:13) on port 'p0' (/mnt/HLSNAS/02.IZunsR/course-lab_A/Vitis-Tutorials/Hardware_Acceleration/Design_Tutorials/07-host-code-opt/reference-files/src/pass.cpp:13) [18]  (2.43 ns)

 <State 22>: 2.43ns
The critical path consists of the following:
	bus request operation ('empty', /mnt/HLSNAS/02.IZunsR/course-lab_A/Vitis-Tutorials/Hardware_Acceleration/Design_Tutorials/07-host-code-opt/reference-files/src/pass.cpp:13) on port 'p0' (/mnt/HLSNAS/02.IZunsR/course-lab_A/Vitis-Tutorials/Hardware_Acceleration/Design_Tutorials/07-host-code-opt/reference-files/src/pass.cpp:13) [18]  (2.43 ns)

 <State 23>: 2.43ns
The critical path consists of the following:
	bus request operation ('empty', /mnt/HLSNAS/02.IZunsR/course-lab_A/Vitis-Tutorials/Hardware_Acceleration/Design_Tutorials/07-host-code-opt/reference-files/src/pass.cpp:13) on port 'p0' (/mnt/HLSNAS/02.IZunsR/course-lab_A/Vitis-Tutorials/Hardware_Acceleration/Design_Tutorials/07-host-code-opt/reference-files/src/pass.cpp:13) [18]  (2.43 ns)

 <State 24>: 2.43ns
The critical path consists of the following:
	bus request operation ('empty', /mnt/HLSNAS/02.IZunsR/course-lab_A/Vitis-Tutorials/Hardware_Acceleration/Design_Tutorials/07-host-code-opt/reference-files/src/pass.cpp:13) on port 'p0' (/mnt/HLSNAS/02.IZunsR/course-lab_A/Vitis-Tutorials/Hardware_Acceleration/Design_Tutorials/07-host-code-opt/reference-files/src/pass.cpp:13) [18]  (2.43 ns)

 <State 25>: 2.43ns
The critical path consists of the following:
	bus request operation ('empty', /mnt/HLSNAS/02.IZunsR/course-lab_A/Vitis-Tutorials/Hardware_Acceleration/Design_Tutorials/07-host-code-opt/reference-files/src/pass.cpp:13) on port 'p0' (/mnt/HLSNAS/02.IZunsR/course-lab_A/Vitis-Tutorials/Hardware_Acceleration/Design_Tutorials/07-host-code-opt/reference-files/src/pass.cpp:13) [18]  (2.43 ns)

 <State 26>: 2.43ns
The critical path consists of the following:
	bus request operation ('empty', /mnt/HLSNAS/02.IZunsR/course-lab_A/Vitis-Tutorials/Hardware_Acceleration/Design_Tutorials/07-host-code-opt/reference-files/src/pass.cpp:13) on port 'p0' (/mnt/HLSNAS/02.IZunsR/course-lab_A/Vitis-Tutorials/Hardware_Acceleration/Design_Tutorials/07-host-code-opt/reference-files/src/pass.cpp:13) [18]  (2.43 ns)

 <State 27>: 2.43ns
The critical path consists of the following:
	bus request operation ('empty', /mnt/HLSNAS/02.IZunsR/course-lab_A/Vitis-Tutorials/Hardware_Acceleration/Design_Tutorials/07-host-code-opt/reference-files/src/pass.cpp:13) on port 'p0' (/mnt/HLSNAS/02.IZunsR/course-lab_A/Vitis-Tutorials/Hardware_Acceleration/Design_Tutorials/07-host-code-opt/reference-files/src/pass.cpp:13) [18]  (2.43 ns)

 <State 28>: 2.43ns
The critical path consists of the following:
	bus request operation ('empty', /mnt/HLSNAS/02.IZunsR/course-lab_A/Vitis-Tutorials/Hardware_Acceleration/Design_Tutorials/07-host-code-opt/reference-files/src/pass.cpp:13) on port 'p0' (/mnt/HLSNAS/02.IZunsR/course-lab_A/Vitis-Tutorials/Hardware_Acceleration/Design_Tutorials/07-host-code-opt/reference-files/src/pass.cpp:13) [18]  (2.43 ns)

 <State 29>: 2.43ns
The critical path consists of the following:
	bus request operation ('empty', /mnt/HLSNAS/02.IZunsR/course-lab_A/Vitis-Tutorials/Hardware_Acceleration/Design_Tutorials/07-host-code-opt/reference-files/src/pass.cpp:13) on port 'p0' (/mnt/HLSNAS/02.IZunsR/course-lab_A/Vitis-Tutorials/Hardware_Acceleration/Design_Tutorials/07-host-code-opt/reference-files/src/pass.cpp:13) [18]  (2.43 ns)

 <State 30>: 2.43ns
The critical path consists of the following:
	bus request operation ('empty', /mnt/HLSNAS/02.IZunsR/course-lab_A/Vitis-Tutorials/Hardware_Acceleration/Design_Tutorials/07-host-code-opt/reference-files/src/pass.cpp:13) on port 'p0' (/mnt/HLSNAS/02.IZunsR/course-lab_A/Vitis-Tutorials/Hardware_Acceleration/Design_Tutorials/07-host-code-opt/reference-files/src/pass.cpp:13) [18]  (2.43 ns)

 <State 31>: 2.43ns
The critical path consists of the following:
	bus request operation ('empty', /mnt/HLSNAS/02.IZunsR/course-lab_A/Vitis-Tutorials/Hardware_Acceleration/Design_Tutorials/07-host-code-opt/reference-files/src/pass.cpp:13) on port 'p0' (/mnt/HLSNAS/02.IZunsR/course-lab_A/Vitis-Tutorials/Hardware_Acceleration/Design_Tutorials/07-host-code-opt/reference-files/src/pass.cpp:13) [18]  (2.43 ns)

 <State 32>: 2.43ns
The critical path consists of the following:
	bus request operation ('empty', /mnt/HLSNAS/02.IZunsR/course-lab_A/Vitis-Tutorials/Hardware_Acceleration/Design_Tutorials/07-host-code-opt/reference-files/src/pass.cpp:13) on port 'p0' (/mnt/HLSNAS/02.IZunsR/course-lab_A/Vitis-Tutorials/Hardware_Acceleration/Design_Tutorials/07-host-code-opt/reference-files/src/pass.cpp:13) [18]  (2.43 ns)

 <State 33>: 2.43ns
The critical path consists of the following:
	bus request operation ('empty', /mnt/HLSNAS/02.IZunsR/course-lab_A/Vitis-Tutorials/Hardware_Acceleration/Design_Tutorials/07-host-code-opt/reference-files/src/pass.cpp:13) on port 'p0' (/mnt/HLSNAS/02.IZunsR/course-lab_A/Vitis-Tutorials/Hardware_Acceleration/Design_Tutorials/07-host-code-opt/reference-files/src/pass.cpp:13) [18]  (2.43 ns)

 <State 34>: 2.43ns
The critical path consists of the following:
	bus request operation ('empty', /mnt/HLSNAS/02.IZunsR/course-lab_A/Vitis-Tutorials/Hardware_Acceleration/Design_Tutorials/07-host-code-opt/reference-files/src/pass.cpp:13) on port 'p0' (/mnt/HLSNAS/02.IZunsR/course-lab_A/Vitis-Tutorials/Hardware_Acceleration/Design_Tutorials/07-host-code-opt/reference-files/src/pass.cpp:13) [18]  (2.43 ns)

 <State 35>: 2.43ns
The critical path consists of the following:
	bus request operation ('empty', /mnt/HLSNAS/02.IZunsR/course-lab_A/Vitis-Tutorials/Hardware_Acceleration/Design_Tutorials/07-host-code-opt/reference-files/src/pass.cpp:13) on port 'p0' (/mnt/HLSNAS/02.IZunsR/course-lab_A/Vitis-Tutorials/Hardware_Acceleration/Design_Tutorials/07-host-code-opt/reference-files/src/pass.cpp:13) [18]  (2.43 ns)

 <State 36>: 2.43ns
The critical path consists of the following:
	bus request operation ('empty', /mnt/HLSNAS/02.IZunsR/course-lab_A/Vitis-Tutorials/Hardware_Acceleration/Design_Tutorials/07-host-code-opt/reference-files/src/pass.cpp:13) on port 'p0' (/mnt/HLSNAS/02.IZunsR/course-lab_A/Vitis-Tutorials/Hardware_Acceleration/Design_Tutorials/07-host-code-opt/reference-files/src/pass.cpp:13) [18]  (2.43 ns)

 <State 37>: 2.43ns
The critical path consists of the following:
	bus request operation ('empty', /mnt/HLSNAS/02.IZunsR/course-lab_A/Vitis-Tutorials/Hardware_Acceleration/Design_Tutorials/07-host-code-opt/reference-files/src/pass.cpp:13) on port 'p0' (/mnt/HLSNAS/02.IZunsR/course-lab_A/Vitis-Tutorials/Hardware_Acceleration/Design_Tutorials/07-host-code-opt/reference-files/src/pass.cpp:13) [18]  (2.43 ns)

 <State 38>: 2.43ns
The critical path consists of the following:
	bus request operation ('empty', /mnt/HLSNAS/02.IZunsR/course-lab_A/Vitis-Tutorials/Hardware_Acceleration/Design_Tutorials/07-host-code-opt/reference-files/src/pass.cpp:13) on port 'p0' (/mnt/HLSNAS/02.IZunsR/course-lab_A/Vitis-Tutorials/Hardware_Acceleration/Design_Tutorials/07-host-code-opt/reference-files/src/pass.cpp:13) [18]  (2.43 ns)

 <State 39>: 2.43ns
The critical path consists of the following:
	bus request operation ('empty', /mnt/HLSNAS/02.IZunsR/course-lab_A/Vitis-Tutorials/Hardware_Acceleration/Design_Tutorials/07-host-code-opt/reference-files/src/pass.cpp:13) on port 'p0' (/mnt/HLSNAS/02.IZunsR/course-lab_A/Vitis-Tutorials/Hardware_Acceleration/Design_Tutorials/07-host-code-opt/reference-files/src/pass.cpp:13) [18]  (2.43 ns)

 <State 40>: 2.43ns
The critical path consists of the following:
	bus request operation ('empty', /mnt/HLSNAS/02.IZunsR/course-lab_A/Vitis-Tutorials/Hardware_Acceleration/Design_Tutorials/07-host-code-opt/reference-files/src/pass.cpp:13) on port 'p0' (/mnt/HLSNAS/02.IZunsR/course-lab_A/Vitis-Tutorials/Hardware_Acceleration/Design_Tutorials/07-host-code-opt/reference-files/src/pass.cpp:13) [18]  (2.43 ns)

 <State 41>: 2.43ns
The critical path consists of the following:
	bus request operation ('empty', /mnt/HLSNAS/02.IZunsR/course-lab_A/Vitis-Tutorials/Hardware_Acceleration/Design_Tutorials/07-host-code-opt/reference-files/src/pass.cpp:13) on port 'p0' (/mnt/HLSNAS/02.IZunsR/course-lab_A/Vitis-Tutorials/Hardware_Acceleration/Design_Tutorials/07-host-code-opt/reference-files/src/pass.cpp:13) [18]  (2.43 ns)

 <State 42>: 2.43ns
The critical path consists of the following:
	bus request operation ('empty', /mnt/HLSNAS/02.IZunsR/course-lab_A/Vitis-Tutorials/Hardware_Acceleration/Design_Tutorials/07-host-code-opt/reference-files/src/pass.cpp:13) on port 'p0' (/mnt/HLSNAS/02.IZunsR/course-lab_A/Vitis-Tutorials/Hardware_Acceleration/Design_Tutorials/07-host-code-opt/reference-files/src/pass.cpp:13) [18]  (2.43 ns)

 <State 43>: 2.43ns
The critical path consists of the following:
	bus request operation ('empty', /mnt/HLSNAS/02.IZunsR/course-lab_A/Vitis-Tutorials/Hardware_Acceleration/Design_Tutorials/07-host-code-opt/reference-files/src/pass.cpp:13) on port 'p0' (/mnt/HLSNAS/02.IZunsR/course-lab_A/Vitis-Tutorials/Hardware_Acceleration/Design_Tutorials/07-host-code-opt/reference-files/src/pass.cpp:13) [18]  (2.43 ns)

 <State 44>: 2.43ns
The critical path consists of the following:
	bus request operation ('empty', /mnt/HLSNAS/02.IZunsR/course-lab_A/Vitis-Tutorials/Hardware_Acceleration/Design_Tutorials/07-host-code-opt/reference-files/src/pass.cpp:13) on port 'p0' (/mnt/HLSNAS/02.IZunsR/course-lab_A/Vitis-Tutorials/Hardware_Acceleration/Design_Tutorials/07-host-code-opt/reference-files/src/pass.cpp:13) [18]  (2.43 ns)

 <State 45>: 2.43ns
The critical path consists of the following:
	bus request operation ('empty', /mnt/HLSNAS/02.IZunsR/course-lab_A/Vitis-Tutorials/Hardware_Acceleration/Design_Tutorials/07-host-code-opt/reference-files/src/pass.cpp:13) on port 'p0' (/mnt/HLSNAS/02.IZunsR/course-lab_A/Vitis-Tutorials/Hardware_Acceleration/Design_Tutorials/07-host-code-opt/reference-files/src/pass.cpp:13) [18]  (2.43 ns)

 <State 46>: 2.43ns
The critical path consists of the following:
	bus request operation ('empty', /mnt/HLSNAS/02.IZunsR/course-lab_A/Vitis-Tutorials/Hardware_Acceleration/Design_Tutorials/07-host-code-opt/reference-files/src/pass.cpp:13) on port 'p0' (/mnt/HLSNAS/02.IZunsR/course-lab_A/Vitis-Tutorials/Hardware_Acceleration/Design_Tutorials/07-host-code-opt/reference-files/src/pass.cpp:13) [18]  (2.43 ns)

 <State 47>: 2.43ns
The critical path consists of the following:
	bus request operation ('empty', /mnt/HLSNAS/02.IZunsR/course-lab_A/Vitis-Tutorials/Hardware_Acceleration/Design_Tutorials/07-host-code-opt/reference-files/src/pass.cpp:13) on port 'p0' (/mnt/HLSNAS/02.IZunsR/course-lab_A/Vitis-Tutorials/Hardware_Acceleration/Design_Tutorials/07-host-code-opt/reference-files/src/pass.cpp:13) [18]  (2.43 ns)

 <State 48>: 2.43ns
The critical path consists of the following:
	bus request operation ('empty', /mnt/HLSNAS/02.IZunsR/course-lab_A/Vitis-Tutorials/Hardware_Acceleration/Design_Tutorials/07-host-code-opt/reference-files/src/pass.cpp:13) on port 'p0' (/mnt/HLSNAS/02.IZunsR/course-lab_A/Vitis-Tutorials/Hardware_Acceleration/Design_Tutorials/07-host-code-opt/reference-files/src/pass.cpp:13) [18]  (2.43 ns)

 <State 49>: 2.43ns
The critical path consists of the following:
	bus request operation ('empty', /mnt/HLSNAS/02.IZunsR/course-lab_A/Vitis-Tutorials/Hardware_Acceleration/Design_Tutorials/07-host-code-opt/reference-files/src/pass.cpp:13) on port 'p0' (/mnt/HLSNAS/02.IZunsR/course-lab_A/Vitis-Tutorials/Hardware_Acceleration/Design_Tutorials/07-host-code-opt/reference-files/src/pass.cpp:13) [18]  (2.43 ns)

 <State 50>: 2.43ns
The critical path consists of the following:
	bus request operation ('empty', /mnt/HLSNAS/02.IZunsR/course-lab_A/Vitis-Tutorials/Hardware_Acceleration/Design_Tutorials/07-host-code-opt/reference-files/src/pass.cpp:13) on port 'p0' (/mnt/HLSNAS/02.IZunsR/course-lab_A/Vitis-Tutorials/Hardware_Acceleration/Design_Tutorials/07-host-code-opt/reference-files/src/pass.cpp:13) [18]  (2.43 ns)

 <State 51>: 2.43ns
The critical path consists of the following:
	bus request operation ('empty', /mnt/HLSNAS/02.IZunsR/course-lab_A/Vitis-Tutorials/Hardware_Acceleration/Design_Tutorials/07-host-code-opt/reference-files/src/pass.cpp:13) on port 'p0' (/mnt/HLSNAS/02.IZunsR/course-lab_A/Vitis-Tutorials/Hardware_Acceleration/Design_Tutorials/07-host-code-opt/reference-files/src/pass.cpp:13) [18]  (2.43 ns)

 <State 52>: 2.43ns
The critical path consists of the following:
	bus request operation ('empty', /mnt/HLSNAS/02.IZunsR/course-lab_A/Vitis-Tutorials/Hardware_Acceleration/Design_Tutorials/07-host-code-opt/reference-files/src/pass.cpp:13) on port 'p0' (/mnt/HLSNAS/02.IZunsR/course-lab_A/Vitis-Tutorials/Hardware_Acceleration/Design_Tutorials/07-host-code-opt/reference-files/src/pass.cpp:13) [18]  (2.43 ns)

 <State 53>: 2.43ns
The critical path consists of the following:
	bus request operation ('empty', /mnt/HLSNAS/02.IZunsR/course-lab_A/Vitis-Tutorials/Hardware_Acceleration/Design_Tutorials/07-host-code-opt/reference-files/src/pass.cpp:13) on port 'p0' (/mnt/HLSNAS/02.IZunsR/course-lab_A/Vitis-Tutorials/Hardware_Acceleration/Design_Tutorials/07-host-code-opt/reference-files/src/pass.cpp:13) [18]  (2.43 ns)

 <State 54>: 2.43ns
The critical path consists of the following:
	bus request operation ('empty', /mnt/HLSNAS/02.IZunsR/course-lab_A/Vitis-Tutorials/Hardware_Acceleration/Design_Tutorials/07-host-code-opt/reference-files/src/pass.cpp:13) on port 'p0' (/mnt/HLSNAS/02.IZunsR/course-lab_A/Vitis-Tutorials/Hardware_Acceleration/Design_Tutorials/07-host-code-opt/reference-files/src/pass.cpp:13) [18]  (2.43 ns)

 <State 55>: 2.43ns
The critical path consists of the following:
	bus request operation ('empty', /mnt/HLSNAS/02.IZunsR/course-lab_A/Vitis-Tutorials/Hardware_Acceleration/Design_Tutorials/07-host-code-opt/reference-files/src/pass.cpp:13) on port 'p0' (/mnt/HLSNAS/02.IZunsR/course-lab_A/Vitis-Tutorials/Hardware_Acceleration/Design_Tutorials/07-host-code-opt/reference-files/src/pass.cpp:13) [18]  (2.43 ns)

 <State 56>: 2.43ns
The critical path consists of the following:
	bus request operation ('empty', /mnt/HLSNAS/02.IZunsR/course-lab_A/Vitis-Tutorials/Hardware_Acceleration/Design_Tutorials/07-host-code-opt/reference-files/src/pass.cpp:13) on port 'p0' (/mnt/HLSNAS/02.IZunsR/course-lab_A/Vitis-Tutorials/Hardware_Acceleration/Design_Tutorials/07-host-code-opt/reference-files/src/pass.cpp:13) [18]  (2.43 ns)

 <State 57>: 2.43ns
The critical path consists of the following:
	bus request operation ('empty', /mnt/HLSNAS/02.IZunsR/course-lab_A/Vitis-Tutorials/Hardware_Acceleration/Design_Tutorials/07-host-code-opt/reference-files/src/pass.cpp:13) on port 'p0' (/mnt/HLSNAS/02.IZunsR/course-lab_A/Vitis-Tutorials/Hardware_Acceleration/Design_Tutorials/07-host-code-opt/reference-files/src/pass.cpp:13) [18]  (2.43 ns)

 <State 58>: 2.43ns
The critical path consists of the following:
	bus request operation ('empty', /mnt/HLSNAS/02.IZunsR/course-lab_A/Vitis-Tutorials/Hardware_Acceleration/Design_Tutorials/07-host-code-opt/reference-files/src/pass.cpp:13) on port 'p0' (/mnt/HLSNAS/02.IZunsR/course-lab_A/Vitis-Tutorials/Hardware_Acceleration/Design_Tutorials/07-host-code-opt/reference-files/src/pass.cpp:13) [18]  (2.43 ns)

 <State 59>: 2.43ns
The critical path consists of the following:
	bus request operation ('empty', /mnt/HLSNAS/02.IZunsR/course-lab_A/Vitis-Tutorials/Hardware_Acceleration/Design_Tutorials/07-host-code-opt/reference-files/src/pass.cpp:13) on port 'p0' (/mnt/HLSNAS/02.IZunsR/course-lab_A/Vitis-Tutorials/Hardware_Acceleration/Design_Tutorials/07-host-code-opt/reference-files/src/pass.cpp:13) [18]  (2.43 ns)

 <State 60>: 2.43ns
The critical path consists of the following:
	bus request operation ('empty', /mnt/HLSNAS/02.IZunsR/course-lab_A/Vitis-Tutorials/Hardware_Acceleration/Design_Tutorials/07-host-code-opt/reference-files/src/pass.cpp:13) on port 'p0' (/mnt/HLSNAS/02.IZunsR/course-lab_A/Vitis-Tutorials/Hardware_Acceleration/Design_Tutorials/07-host-code-opt/reference-files/src/pass.cpp:13) [18]  (2.43 ns)

 <State 61>: 2.43ns
The critical path consists of the following:
	bus request operation ('empty', /mnt/HLSNAS/02.IZunsR/course-lab_A/Vitis-Tutorials/Hardware_Acceleration/Design_Tutorials/07-host-code-opt/reference-files/src/pass.cpp:13) on port 'p0' (/mnt/HLSNAS/02.IZunsR/course-lab_A/Vitis-Tutorials/Hardware_Acceleration/Design_Tutorials/07-host-code-opt/reference-files/src/pass.cpp:13) [18]  (2.43 ns)

 <State 62>: 2.43ns
The critical path consists of the following:
	bus request operation ('empty', /mnt/HLSNAS/02.IZunsR/course-lab_A/Vitis-Tutorials/Hardware_Acceleration/Design_Tutorials/07-host-code-opt/reference-files/src/pass.cpp:13) on port 'p0' (/mnt/HLSNAS/02.IZunsR/course-lab_A/Vitis-Tutorials/Hardware_Acceleration/Design_Tutorials/07-host-code-opt/reference-files/src/pass.cpp:13) [18]  (2.43 ns)

 <State 63>: 2.43ns
The critical path consists of the following:
	bus request operation ('empty', /mnt/HLSNAS/02.IZunsR/course-lab_A/Vitis-Tutorials/Hardware_Acceleration/Design_Tutorials/07-host-code-opt/reference-files/src/pass.cpp:13) on port 'p0' (/mnt/HLSNAS/02.IZunsR/course-lab_A/Vitis-Tutorials/Hardware_Acceleration/Design_Tutorials/07-host-code-opt/reference-files/src/pass.cpp:13) [18]  (2.43 ns)

 <State 64>: 2.43ns
The critical path consists of the following:
	bus request operation ('empty', /mnt/HLSNAS/02.IZunsR/course-lab_A/Vitis-Tutorials/Hardware_Acceleration/Design_Tutorials/07-host-code-opt/reference-files/src/pass.cpp:13) on port 'p0' (/mnt/HLSNAS/02.IZunsR/course-lab_A/Vitis-Tutorials/Hardware_Acceleration/Design_Tutorials/07-host-code-opt/reference-files/src/pass.cpp:13) [18]  (2.43 ns)

 <State 65>: 2.43ns
The critical path consists of the following:
	bus request operation ('empty', /mnt/HLSNAS/02.IZunsR/course-lab_A/Vitis-Tutorials/Hardware_Acceleration/Design_Tutorials/07-host-code-opt/reference-files/src/pass.cpp:13) on port 'p0' (/mnt/HLSNAS/02.IZunsR/course-lab_A/Vitis-Tutorials/Hardware_Acceleration/Design_Tutorials/07-host-code-opt/reference-files/src/pass.cpp:13) [18]  (2.43 ns)

 <State 66>: 2.43ns
The critical path consists of the following:
	bus request operation ('empty', /mnt/HLSNAS/02.IZunsR/course-lab_A/Vitis-Tutorials/Hardware_Acceleration/Design_Tutorials/07-host-code-opt/reference-files/src/pass.cpp:13) on port 'p0' (/mnt/HLSNAS/02.IZunsR/course-lab_A/Vitis-Tutorials/Hardware_Acceleration/Design_Tutorials/07-host-code-opt/reference-files/src/pass.cpp:13) [18]  (2.43 ns)

 <State 67>: 2.43ns
The critical path consists of the following:
	bus request operation ('empty', /mnt/HLSNAS/02.IZunsR/course-lab_A/Vitis-Tutorials/Hardware_Acceleration/Design_Tutorials/07-host-code-opt/reference-files/src/pass.cpp:13) on port 'p0' (/mnt/HLSNAS/02.IZunsR/course-lab_A/Vitis-Tutorials/Hardware_Acceleration/Design_Tutorials/07-host-code-opt/reference-files/src/pass.cpp:13) [18]  (2.43 ns)

 <State 68>: 2.43ns
The critical path consists of the following:
	bus request operation ('empty', /mnt/HLSNAS/02.IZunsR/course-lab_A/Vitis-Tutorials/Hardware_Acceleration/Design_Tutorials/07-host-code-opt/reference-files/src/pass.cpp:13) on port 'p0' (/mnt/HLSNAS/02.IZunsR/course-lab_A/Vitis-Tutorials/Hardware_Acceleration/Design_Tutorials/07-host-code-opt/reference-files/src/pass.cpp:13) [18]  (2.43 ns)

 <State 69>: 2.43ns
The critical path consists of the following:
	bus request operation ('empty', /mnt/HLSNAS/02.IZunsR/course-lab_A/Vitis-Tutorials/Hardware_Acceleration/Design_Tutorials/07-host-code-opt/reference-files/src/pass.cpp:13) on port 'p0' (/mnt/HLSNAS/02.IZunsR/course-lab_A/Vitis-Tutorials/Hardware_Acceleration/Design_Tutorials/07-host-code-opt/reference-files/src/pass.cpp:13) [18]  (2.43 ns)

 <State 70>: 2.43ns
The critical path consists of the following:
	bus request operation ('empty', /mnt/HLSNAS/02.IZunsR/course-lab_A/Vitis-Tutorials/Hardware_Acceleration/Design_Tutorials/07-host-code-opt/reference-files/src/pass.cpp:13) on port 'p0' (/mnt/HLSNAS/02.IZunsR/course-lab_A/Vitis-Tutorials/Hardware_Acceleration/Design_Tutorials/07-host-code-opt/reference-files/src/pass.cpp:13) [18]  (2.43 ns)

 <State 71>: 2.43ns
The critical path consists of the following:
	bus request operation ('empty', /mnt/HLSNAS/02.IZunsR/course-lab_A/Vitis-Tutorials/Hardware_Acceleration/Design_Tutorials/07-host-code-opt/reference-files/src/pass.cpp:13) on port 'p0' (/mnt/HLSNAS/02.IZunsR/course-lab_A/Vitis-Tutorials/Hardware_Acceleration/Design_Tutorials/07-host-code-opt/reference-files/src/pass.cpp:13) [18]  (2.43 ns)

 <State 72>: 1.25ns
The critical path consists of the following:
	'call' operation ('call_ln13', /mnt/HLSNAS/02.IZunsR/course-lab_A/Vitis-Tutorials/Hardware_Acceleration/Design_Tutorials/07-host-code-opt/reference-files/src/pass.cpp:13) to 'read_Pipeline_VITIS_LOOP_13_1' [20]  (1.25 ns)

 <State 73>: 0ns
The critical path consists of the following:


============================================================
+ Verbose Summary: Binding
============================================================
N/A
* FSMD analyzer results:
  - Output states:
 - Input state : 
  - Chain level:
	State 1
	State 2
	State 3
	State 4
	State 5
	State 6
	State 7
	State 8
	State 9
	State 10
	State 11
	State 12
	State 13
	State 14
	State 15
	State 16
	State 17
	State 18
	State 19
	State 20
	State 21
	State 22
	State 23
	State 24
	State 25
	State 26
	State 27
	State 28
	State 29
	State 30
	State 31
	State 32
	State 33
	State 34
	State 35
	State 36
	State 37
	State 38
	State 39
	State 40
	State 41
	State 42
	State 43
	State 44
	State 45
	State 46
	State 47
	State 48
	State 49
	State 50
	State 51
	State 52
	State 53
	State 54
	State 55
	State 56
	State 57
	State 58
	State 59
	State 60
	State 61
	State 62
	State 63
	State 64
	State 65
	State 66
	State 67
	State 68
	State 69
	State 70
	State 71
	State 72
	State 73


============================================================
+ Verbose Summary: Datapath Resource usage 
============================================================
N/A
