

================================================================
== Vitis HLS Report for 'dft'
================================================================
* Date:           Sun Nov 24 03:08:37 2024

* Version:        2022.1 (Build 3526262 on Mon Apr 18 15:47:01 MDT 2022)
* Project:        hls_ip_dft
* Solution:       solution1 (Vivado IP Flow Target)
* Product family: zynq
* Target device:  xc7z020-clg400-1


================================================================
== Performance Estimates
================================================================
+ Timing: 
    * Summary: 
    +--------+----------+----------+------------+
    |  Clock |  Target  | Estimated| Uncertainty|
    +--------+----------+----------+------------+
    |ap_clk  |  10.00 ns|  7.256 ns|     2.70 ns|
    +--------+----------+----------+------------+

+ Latency: 
    * Summary: 
    +---------+---------+----------+----------+--------+--------+---------+
    |  Latency (cycles) |  Latency (absolute) |     Interval    | Pipeline|
    |   min   |   max   |    min   |    max   |   min  |   max  |   Type  |
    +---------+---------+----------+----------+--------+--------+---------+
    |   459288|   459288|  4.593 ms|  4.593 ms|  459289|  459289|       no|
    +---------+---------+----------+----------+--------+--------+---------+

    + Detail: 
        * Instance: 
        +---------------------------+-----------------+---------+---------+----------+----------+--------+--------+---------+
        |                           |                 |  Latency (cycles) |  Latency (absolute) |     Interval    | Pipeline|
        |          Instance         |      Module     |   min   |   max   |    min   |    max   |   min  |   max  |   Type  |
        +---------------------------+-----------------+---------+---------+----------+----------+--------+--------+---------+
        |grp_dft_Pipeline_1_fu_44   |dft_Pipeline_1   |      258|      258|  2.580 us|  2.580 us|     258|     258|       no|
        |grp_dft_Pipeline_2_fu_50   |dft_Pipeline_2   |      258|      258|  2.580 us|  2.580 us|     258|     258|       no|
        |grp_dft_Pipeline_L1_fu_56  |dft_Pipeline_L1  |   458767|   458767|  4.588 ms|  4.588 ms|  458767|  458767|       no|
        |grp_dft_Pipeline_4_fu_70   |dft_Pipeline_4   |      258|      258|  2.580 us|  2.580 us|     258|     258|       no|
        |grp_dft_Pipeline_5_fu_77   |dft_Pipeline_5   |      258|      258|  2.580 us|  2.580 us|     258|     258|       no|
        +---------------------------+-----------------+---------+---------+----------+----------+--------+--------+---------+

        * Loop: 
        N/A



================================================================
== Utilization Estimates
================================================================
* Summary: 
+-----------------+---------+-----+--------+-------+-----+
|       Name      | BRAM_18K| DSP |   FF   |  LUT  | URAM|
+-----------------+---------+-----+--------+-------+-----+
|DSP              |        -|    -|       -|      -|    -|
|Expression       |        -|    -|       0|      4|    -|
|FIFO             |        -|    -|       -|      -|    -|
|Instance         |        2|    7|    1490|   1809|    -|
|Memory           |        2|    -|       0|      0|    0|
|Multiplexer      |        -|    -|       -|    247|    -|
|Register         |        -|    -|      11|      -|    -|
+-----------------+---------+-----+--------+-------+-----+
|Total            |        4|    7|    1501|   2060|    0|
+-----------------+---------+-----+--------+-------+-----+
|Available        |      280|  220|  106400|  53200|    0|
+-----------------+---------+-----+--------+-------+-----+
|Utilization (%)  |        1|    3|       1|      3|    0|
+-----------------+---------+-----+--------+-------+-----+

+ Detail: 
    * Instance: 
    +---------------------------+-----------------+---------+----+------+------+-----+
    |          Instance         |      Module     | BRAM_18K| DSP|  FF  |  LUT | URAM|
    +---------------------------+-----------------+---------+----+------+------+-----+
    |grp_dft_Pipeline_1_fu_44   |dft_Pipeline_1   |        0|   0|    11|    52|    0|
    |grp_dft_Pipeline_2_fu_50   |dft_Pipeline_2   |        0|   0|    11|    52|    0|
    |grp_dft_Pipeline_4_fu_70   |dft_Pipeline_4   |        0|   0|    21|    63|    0|
    |grp_dft_Pipeline_5_fu_77   |dft_Pipeline_5   |        0|   0|    21|    63|    0|
    |grp_dft_Pipeline_L1_fu_56  |dft_Pipeline_L1  |        2|   7|  1426|  1579|    0|
    +---------------------------+-----------------+---------+----+------+------+-----+
    |Total                      |                 |        2|   7|  1490|  1809|    0|
    +---------------------------+-----------------+---------+----+------+------+-----+

    * DSP: 
    N/A

    * Memory: 
    +-----------------+-----------------------------+---------+---+----+-----+------+-----+------+-------------+
    |      Memory     |            Module           | BRAM_18K| FF| LUT| URAM| Words| Bits| Banks| W*Bits*Banks|
    +-----------------+-----------------------------+---------+---+----+-----+------+-----+------+-------------+
    |temp_real_out_U  |temp_real_out_RAM_AUTO_1R1W  |        1|  0|   0|    0|   256|   32|     1|         8192|
    |temp_imag_out_U  |temp_real_out_RAM_AUTO_1R1W  |        1|  0|   0|    0|   256|   32|     1|         8192|
    +-----------------+-----------------------------+---------+---+----+-----+------+-----+------+-------------+
    |Total            |                             |        2|  0|   0|    0|   512|   64|     2|        16384|
    +-----------------+-----------------------------+---------+---+----+-----+------+-----+------+-------------+

    * FIFO: 
    N/A

    * Expression: 
    +---------------------------------+----------+----+---+----+------------+------------+
    |          Variable Name          | Operation| DSP| FF| LUT| Bitwidth P0| Bitwidth P1|
    +---------------------------------+----------+----+---+----+------------+------------+
    |ap_block_state2_on_subcall_done  |        or|   0|  0|   2|           1|           1|
    |ap_block_state6_on_subcall_done  |        or|   0|  0|   2|           1|           1|
    +---------------------------------+----------+----+---+----+------------+------------+
    |Total                            |          |   0|  0|   4|           2|           2|
    +---------------------------------+----------+----+---+----+------------+------------+

    * Multiplexer: 
    +------------------------+----+-----------+-----+-----------+
    |          Name          | LUT| Input Size| Bits| Total Bits|
    +------------------------+----+-----------+-----+-----------+
    |ap_NS_fsm               |  37|          7|    1|          7|
    |imag_sample_address0    |  14|          3|    8|         24|
    |imag_sample_ce0         |  14|          3|    1|          3|
    |imag_sample_we0         |   9|          2|    1|          2|
    |real_sample_address0    |  14|          3|    8|         24|
    |real_sample_ce0         |  14|          3|    1|          3|
    |real_sample_we0         |   9|          2|    1|          2|
    |temp_imag_out_address0  |  20|          4|    8|         32|
    |temp_imag_out_ce0       |  20|          4|    1|          4|
    |temp_imag_out_d0        |  14|          3|   32|         96|
    |temp_imag_out_we0       |  14|          3|    1|          3|
    |temp_real_out_address0  |  20|          4|    8|         32|
    |temp_real_out_ce0       |  20|          4|    1|          4|
    |temp_real_out_d0        |  14|          3|   32|         96|
    |temp_real_out_we0       |  14|          3|    1|          3|
    +------------------------+----+-----------+-----+-----------+
    |Total                   | 247|         51|  105|        335|
    +------------------------+----+-----------+-----+-----------+

    * Register: 
    +----------------------------------------+---+----+-----+-----------+
    |                  Name                  | FF| LUT| Bits| Const Bits|
    +----------------------------------------+---+----+-----+-----------+
    |ap_CS_fsm                               |  6|   0|    6|          0|
    |grp_dft_Pipeline_1_fu_44_ap_start_reg   |  1|   0|    1|          0|
    |grp_dft_Pipeline_2_fu_50_ap_start_reg   |  1|   0|    1|          0|
    |grp_dft_Pipeline_4_fu_70_ap_start_reg   |  1|   0|    1|          0|
    |grp_dft_Pipeline_5_fu_77_ap_start_reg   |  1|   0|    1|          0|
    |grp_dft_Pipeline_L1_fu_56_ap_start_reg  |  1|   0|    1|          0|
    +----------------------------------------+---+----+-----+-----------+
    |Total                                   | 11|   0|   11|          0|
    +----------------------------------------+---+----+-----+-----------+



================================================================
== Interface
================================================================
* Summary: 
+----------------------+-----+-----+------------+--------------+--------------+
|       RTL Ports      | Dir | Bits|  Protocol  | Source Object|    C Type    |
+----------------------+-----+-----+------------+--------------+--------------+
|ap_clk                |   in|    1|  ap_ctrl_hs|           dft|  return value|
|ap_rst                |   in|    1|  ap_ctrl_hs|           dft|  return value|
|ap_start              |   in|    1|  ap_ctrl_hs|           dft|  return value|
|ap_done               |  out|    1|  ap_ctrl_hs|           dft|  return value|
|ap_idle               |  out|    1|  ap_ctrl_hs|           dft|  return value|
|ap_ready              |  out|    1|  ap_ctrl_hs|           dft|  return value|
|real_sample_address0  |  out|    8|   ap_memory|   real_sample|         array|
|real_sample_ce0       |  out|    1|   ap_memory|   real_sample|         array|
|real_sample_we0       |  out|    1|   ap_memory|   real_sample|         array|
|real_sample_d0        |  out|   32|   ap_memory|   real_sample|         array|
|real_sample_q0        |   in|   32|   ap_memory|   real_sample|         array|
|imag_sample_address0  |  out|    8|   ap_memory|   imag_sample|         array|
|imag_sample_ce0       |  out|    1|   ap_memory|   imag_sample|         array|
|imag_sample_we0       |  out|    1|   ap_memory|   imag_sample|         array|
|imag_sample_d0        |  out|   32|   ap_memory|   imag_sample|         array|
|imag_sample_q0        |   in|   32|   ap_memory|   imag_sample|         array|
+----------------------+-----+-----+------------+--------------+--------------+

