17:08:52 **** Build of configuration Hardware for project vts_Opt1Baseline_system ****
make all 
/opt/Xilinx/Vitis/2022.1/bin/v++ --package --config package.cfg ../../vts_Opt1Baseline_system_hw_link/Hardware/binary_container_1.xclbin -o binary_container_1.xclbin
Option Map File Used: '/opt/Xilinx/Vitis/2022.1/data/vitis/vpp/optMap.xml'

****** v++ v2022.1 (64-bit)
  **** SW Build 3524075 on 2022-04-13-17:42:45
    ** Copyright 1986-2022 Xilinx, Inc. All Rights Reserved.

INFO: [v++ 60-1306] Additional information associated with this v++ package can be found at:
	Reports: /mnt/HLSNAS/01.OIAetA/course-lab_3/Lab3/vts_Opt1Baseline_system/Hardware/package.build/reports/package
	Log files: /mnt/HLSNAS/01.OIAetA/course-lab_3/Lab3/vts_Opt1Baseline_system/Hardware/package.build/logs/package
Running Dispatch Server on port: 44445
INFO: [v++ 60-1548] Creating build summary session with primary output /mnt/HLSNAS/01.OIAetA/course-lab_3/Lab3/vts_Opt1Baseline_system/Hardware/binary_container_1.xclbin.package_summary, at Wed Oct 23 17:09:03 2024
INFO: [v++ 60-1316] Initiating connection to rulecheck server, at Wed Oct 23 17:09:03 2024
INFO: [v++ 60-1315] Creating rulecheck session with output '/mnt/HLSNAS/01.OIAetA/course-lab_3/Lab3/vts_Opt1Baseline_system/Hardware/package.build/reports/package/v++_package_binary_container_1_guidance.html', at Wed Oct 23 17:09:04 2024
INFO: [v++ 60-895]   Target platform: /opt/xilinx/platforms/xilinx_u50_gen3x16_xdma_5_202210_1/xilinx_u50_gen3x16_xdma_5_202210_1.xpfm
INFO: [v++ 60-1578]   This platform contains Xilinx Shell Archive '/opt/xilinx/platforms/xilinx_u50_gen3x16_xdma_5_202210_1/hw/hw.xsa'
INFO: [v++ 74-78] Compiler Version string: 2022.1
INFO: [v++ 60-2256] Packaging for hardware
INFO: [v++ 60-2460] Successfully copied a temporary xclbin to the output xclbin: /mnt/HLSNAS/01.OIAetA/course-lab_3/Lab3/vts_Opt1Baseline_system/Hardware/binary_container_1.xclbin
INFO: [v++ 60-2343] Use the vitis_analyzer tool to visualize and navigate the relevant reports. Run the following command. 
    vitis_analyzer /mnt/HLSNAS/01.OIAetA/course-lab_3/Lab3/vts_Opt1Baseline_system/Hardware/binary_container_1.xclbin.package_summary 
INFO: [v++ 60-791] Total elapsed time: 0h 0m 14s
INFO: [v++ 60-1653] Closing dispatch client.
cp -f binary_container_1.xclbin ../../vts_Opt1Baseline/Hardware

17:09:08 Build Finished (took 16s.659ms)

